This is pdfTeX, Version 3.141592653-2.6-1.40.27 (MiKTeX 25.4) (preloaded format=pdflatex 2025.9.2)  28 NOV 2025 17:47
entering extended mode
 restricted \write18 enabled.
 file:line:error style messages enabled.
 %&-line parsing enabled.
**"e:/Universidad/Trabajo Daniel/Universidad/DocumentoMonografía/Monografía/TFG.tex"
(e:/Universidad/Trabajo Daniel/Universidad/DocumentoMonografía/Monografía/TFG.tex
LaTeX2e <2025-06-01> patch level 1
L3 programming layer <2025-08-13>
(C:\Users\trull\AppData\Local\Programs\MiKTeX\tex/latex/koma-script\scrbook.cls
Document Class: scrbook 2025/08/28 v3.47 KOMA-Script document class (book)
(C:\Users\trull\AppData\Local\Programs\MiKTeX\tex/latex/koma-script\scrkbase.sty
Package: scrkbase 2025/08/28 v3.47 KOMA-Script package (KOMA-Script-dependent basics and keyval usage)
 (C:\Users\trull\AppData\Local\Programs\MiKTeX\tex/latex/koma-script\scrbase.sty
Package: scrbase 2025/08/28 v3.47 KOMA-Script package (KOMA-Script-independent basics and keyval usage)
 (C:\Users\trull\AppData\Local\Programs\MiKTeX\tex/latex/koma-script\scrlfile.sty
Package: scrlfile 2025/08/28 v3.47 KOMA-Script package (file load hooks)
 (C:\Users\trull\AppData\Local\Programs\MiKTeX\tex/latex/koma-script\scrlfile-hook.sty
Package: scrlfile-hook 2025/08/28 v3.47 KOMA-Script package (using LaTeX hooks)
 (C:\Users\trull\AppData\Local\Programs\MiKTeX\tex/latex/koma-script\scrlogo.sty
Package: scrlogo 2025/08/28 v3.47 KOMA-Script package (logo)
))) (C:\Users\trull\AppData\Local\Programs\MiKTeX\tex/latex/graphics\keyval.sty
Package: keyval 2022/05/29 v1.15 key=value parser (DPC)
\KV@toks@=\toks17
)
Applying: [2021/05/01] Usage of raw or classic option list on input line 254.
Already applied: [0000/00/00] Usage of raw or classic option list on input line 370.
)) (C:\Users\trull\AppData\Local\Programs\MiKTeX\tex/latex/koma-script\tocbasic.sty
Package: tocbasic 2025/08/28 v3.47 KOMA-Script package (handling toc-files)
\scr@dte@tocline@numberwidth=\skip49
\scr@dte@tocline@numbox=\box53
)
Package tocbasic Info: omitting babel extension for `toc'
(tocbasic)             because of feature `nobabel' available
(tocbasic)             for `toc' on input line 143.
Package scrbook Info: You've used standard option `12pt'.
(scrbook)             This is correct!
(scrbook)             Internally I'm using `fontsize=12pt'.
(scrbook)             If you'd like to set the option with \KOMAoptions,
(scrbook)             you'd have to use `fontsize=12pt' there
(scrbook)             instead of `12pt', too.
Class scrbook Info: You've used standard option `openany'.
(scrbook)           This is correct!
(scrbook)           Internally I'm using `open=any'.
(scrbook)           If you'd like to set the option with \KOMAoptions,
(scrbook)           you'd have to use `open=any' there
(scrbook)           instead of `openany', too.
Class scrbook Info: File `scrsize12pt.clo' used to setup font sizes on input line 2709.
 (C:\Users\trull\AppData\Local\Programs\MiKTeX\tex/latex/koma-script\scrsize12pt.clo
File: scrsize12pt.clo 2025/08/28 v3.47 KOMA-Script font size class option (12pt)
) (C:\Users\trull\AppData\Local\Programs\MiKTeX\tex/latex/koma-script\typearea.sty
Package: typearea 2025/08/28 v3.47 KOMA-Script package (type area)
\ta@bcor=\skip50
\ta@div=\count275
Package typearea Info: You've used standard option `letterpaper'.
(typearea)             This is correct!
(typearea)             Internally I'm using `paper=letter'.
(typearea)             If you'd like to set the option with \KOMAoptions,
(typearea)             you'd have to use `paper=letter' there
(typearea)             instead of `letterpaper', too.
\ta@hblk=\skip51
\ta@vblk=\skip52
\ta@temp=\skip53
\footheight=\skip54
Package typearea Info: With paper sizes other than (almost) `A4' predefined
(typearea)             DIV values do not exist. Using DIV calculation for good
(typearea)             line width (unless using `version=3.24` or prior).


Package typearea Info: DIV calculation for classic typearea. on input line 1806.

Package typearea Info: These are the values describing the layout:
(typearea)             DIV  = 8
(typearea)             BCOR = 0.0pt
(typearea)             \paperwidth      = 614.295pt
(typearea)              \textwidth      = 383.9344pt
(typearea)              DIV departure   = 1%
(typearea)              \evensidemargin = 81.30374pt
(typearea)              \oddsidemargin  = 4.51688pt
(typearea)             \paperheight     = 794.96999pt
(typearea)              \textheight     = 505.0pt
(typearea)              \topmargin      = -12.77374pt
(typearea)              \headheight     = 18.125pt
(typearea)              \headsep        = 21.75pt
(typearea)              \topskip        = 12.0pt
(typearea)              \footskip       = 50.75pt
(typearea)              \baselineskip   = 14.5pt
(typearea)              on input line 1806.
)
\c@part=\count276
\c@chapter=\count277
\c@section=\count278
\c@subsection=\count279
\c@subsubsection=\count280
\c@paragraph=\count281
\c@subparagraph=\count282
\scr@dte@chapter@maxnumwidth=\skip55
Class scrbook Info: using compatibility default `afterindent=bysign'
(scrbook)           for `\chapter on input line 6075.
\scr@dte@section@maxnumwidth=\skip56
Class scrbook Info: using compatibility default `runin=bysign'
(scrbook)           for `\section on input line 6086.
Class scrbook Info: using compatibility default `afterindent=bysign'
(scrbook)           for `\section on input line 6086.
\scr@dte@part@maxnumwidth=\skip57
Class scrbook Info: using compatibility default `afterindent=true'
(scrbook)           for `\part on input line 6095.
\scr@dte@subsection@maxnumwidth=\skip58
Class scrbook Info: using compatibility default `runin=bysign'
(scrbook)           for `\subsection on input line 6105.
Class scrbook Info: using compatibility default `afterindent=bysign'
(scrbook)           for `\subsection on input line 6105.
\scr@dte@subsubsection@maxnumwidth=\skip59
Class scrbook Info: using compatibility default `runin=bysign'
(scrbook)           for `\subsubsection on input line 6115.
Class scrbook Info: using compatibility default `afterindent=bysign'
(scrbook)           for `\subsubsection on input line 6115.
\scr@dte@paragraph@maxnumwidth=\skip60
Class scrbook Info: using compatibility default `runin=bysign'
(scrbook)           for `\paragraph on input line 6126.
Class scrbook Info: using compatibility default `afterindent=bysign'
(scrbook)           for `\paragraph on input line 6126.
\scr@dte@subparagraph@maxnumwidth=\skip61
Class scrbook Info: using compatibility default `runin=bysign'
(scrbook)           for `\subparagraph on input line 6136.
Class scrbook Info: using compatibility default `afterindent=bysign'
(scrbook)           for `\subparagraph on input line 6136.
\abovecaptionskip=\skip62
\belowcaptionskip=\skip63
\c@pti@nb@sid@b@x=\box54
Package tocbasic Info: omitting babel extension for `lof'
(tocbasic)             because of feature `nobabel' available
(tocbasic)             for `lof' on input line 7349.
\scr@dte@figure@maxnumwidth=\skip64
\c@figure=\count283
Package tocbasic Info: omitting babel extension for `lot'
(tocbasic)             because of feature `nobabel' available
(tocbasic)             for `lot' on input line 7362.
\scr@dte@table@maxnumwidth=\skip65
\c@table=\count284
Class scrbook Info: Redefining `\numberline' on input line 7533.
\bibindent=\dimen148
) (C:\Users\trull\AppData\Local\Programs\MiKTeX\tex/latex/base\textcomp.sty
Package: textcomp 2024/04/24 v2.1b Standard LaTeX package
) (C:\Users\trull\AppData\Local\Programs\MiKTeX\tex/latex/booktabs\booktabs.sty
Package: booktabs 2020/01/12 v1.61803398 Publication quality tables
\heavyrulewidth=\dimen149
\lightrulewidth=\dimen150
\cmidrulewidth=\dimen151
\belowrulesep=\dimen152
\belowbottomsep=\dimen153
\aboverulesep=\dimen154
\abovetopsep=\dimen155
\cmidrulesep=\dimen156
\cmidrulekern=\dimen157
\defaultaddspace=\dimen158
\@cmidla=\count285
\@cmidlb=\count286
\@aboverulesep=\dimen159
\@belowrulesep=\dimen160
\@thisruleclass=\count287
\@lastruleclass=\count288
\@thisrulewidth=\dimen161
) (C:\Users\trull\AppData\Local\Programs\MiKTeX\tex/latex/siunitx\siunitx.sty
Package: siunitx 2025-07-09 v3.4.14 A comprehensive (SI) units package
\l__siunitx_number_uncert_offset_int=\count289
\l__siunitx_number_exponent_fixed_int=\count290
\l__siunitx_number_min_decimal_int=\count291
\l__siunitx_number_min_integer_int=\count292
\l__siunitx_number_round_precision_int=\count293
\l__siunitx_number_lower_threshold_int=\count294
\l__siunitx_number_upper_threshold_int=\count295
\l__siunitx_number_group_first_int=\count296
\l__siunitx_number_group_size_int=\count297
\l__siunitx_number_group_minimum_int=\count298
\l__siunitx_angle_tmp_dim=\dimen162
\l__siunitx_angle_marker_box=\box55
\l__siunitx_angle_unit_box=\box56
\l__siunitx_compound_count_int=\count299
 (C:\Users\trull\AppData\Local\Programs\MiKTeX\tex/latex/translations\translations.sty
Package: translations 2022/02/05 v1.12 internationalization of LaTeX2e packages (CN)
 (C:\Users\trull\AppData\Local\Programs\MiKTeX\tex/latex/etoolbox\etoolbox.sty
Package: etoolbox 2025/02/11 v2.5l e-TeX tools for LaTeX (JAW)
\etb@tempcnta=\count300
) (C:\Users\trull\AppData\Local\Programs\MiKTeX\tex/generic/pdftexcmds\pdftexcmds.sty
Package: pdftexcmds 2020-06-27 v0.33 Utility functions of pdfTeX for LuaTeX (HO)
 (C:\Users\trull\AppData\Local\Programs\MiKTeX\tex/generic/infwarerr\infwarerr.sty
Package: infwarerr 2019/12/03 v1.5 Providing info/warning/error messages (HO)
) (C:\Users\trull\AppData\Local\Programs\MiKTeX\tex/generic/iftex\iftex.sty
Package: iftex 2024/12/12 v1.0g TeX engine tests
) (C:\Users\trull\AppData\Local\Programs\MiKTeX\tex/generic/ltxcmds\ltxcmds.sty
Package: ltxcmds 2023-12-04 v1.26 LaTeX kernel commands for general use (HO)
)
Package pdftexcmds Info: \pdf@primitive is available.
Package pdftexcmds Info: \pdf@ifprimitive is available.
Package pdftexcmds Info: \pdfdraftmode found.
)) (C:\Users\trull\AppData\Local\Programs\MiKTeX\tex/latex/amsmath\amstext.sty
Package: amstext 2024/11/17 v2.01 AMS text
 (C:\Users\trull\AppData\Local\Programs\MiKTeX\tex/latex/amsmath\amsgen.sty
File: amsgen.sty 1999/11/30 v2.0 generic functions
\@emptytoks=\toks18
\ex@=\dimen163
))
\l__siunitx_table_tmp_box=\box57
\l__siunitx_table_tmp_dim=\dimen164
\l__siunitx_table_column_width_dim=\dimen165
\l__siunitx_table_integer_box=\box58
\l__siunitx_table_decimal_box=\box59
\l__siunitx_table_uncert_box=\box60
\l__siunitx_table_before_box=\box61
\l__siunitx_table_after_box=\box62
\l__siunitx_table_before_dim=\dimen166
\l__siunitx_table_carry_dim=\dimen167
\l__siunitx_unit_tmp_int=\count301
\l__siunitx_unit_position_int=\count302
\l__siunitx_unit_total_int=\count303
 (C:\Users\trull\AppData\Local\Programs\MiKTeX\tex/latex/tools\array.sty
Package: array 2025/06/08 v2.6j Tabular extension package (FMi)
\col@sep=\dimen168
\ar@mcellbox=\box63
\extrarowheight=\dimen169
\NC@list=\toks19
\extratabsurround=\skip66
\backup@length=\skip67
\ar@cellbox=\box64
)) (C:\Users\trull\AppData\Local\Programs\MiKTeX\tex/latex/multirow\multirow.sty
Package: multirow 2024/11/12 v2.9 Span multiple rows of a table
\multirow@colwidth=\skip68
\multirow@cntb=\count304
\multirow@dima=\skip69
\bigstrutjot=\dimen170
) (C:\Users\trull\AppData\Local\Programs\MiKTeX\tex/latex/caption\caption.sty
Package: caption 2023/08/05 v3.6o Customizing captions (AR)
 (C:\Users\trull\AppData\Local\Programs\MiKTeX\tex/latex/caption\caption3.sty
Package: caption3 2023/07/31 v2.4d caption3 kernel (AR)
\caption@tempdima=\dimen171
\captionmargin=\dimen172
\caption@leftmargin=\dimen173
\caption@rightmargin=\dimen174
\caption@width=\dimen175
\caption@indent=\dimen176
\caption@parindent=\dimen177
\caption@hangindent=\dimen178
Package caption Info: Unknown document class (or package),
(caption)             standard defaults will be used.
Package caption Info: \@makecaption = \long macro:#1#2->\@abovecaptionbreak \vskip \abovecaptionskip \@abovecaptionbreak \@@makecaption \@firstofone {#1}{#2}\@belowcaptionbreak \vskip \belowcaptionskip \@belowcaptionbreak  on input line 1175.
)

Package caption Warning: Unknown document class (or package),
(caption)                standard defaults will be used.
See the caption package documentation for explanation.

\c@caption@flags=\count305
\c@continuedfloat=\count306
) (C:\Users\trull\AppData\Local\Programs\MiKTeX\tex/latex/l3packages/xfp\xfp.sty (C:\Users\trull\AppData\Local\Programs\MiKTeX\tex/latex/l3kernel\expl3.sty
Package: expl3 2025-08-13 L3 programming layer (loader) 
 (C:\Users\trull\AppData\Local\Programs\MiKTeX\tex/latex/l3backend\l3backend-pdftex.def
File: l3backend-pdftex.def 2025-06-09 L3 backend support: PDF output (pdfTeX)
\l__color_backend_stack_int=\count307
))
Package: xfp 2024-08-16 L3 Floating point unit
) (C:\Users\trull\AppData\Local\Programs\MiKTeX\tex/latex/numprint\numprint.sty
Package: numprint 2012/08/20 v1.39 Print numbers (HH)
\c@nprt@mantissa@digitsbefore=\count308
\c@nprt@mantissa@digitsafter=\count309
\c@nprt@exponent@digitsbefore=\count310
\c@nprt@exponent@digitsafter=\count311
\nprt@digitwidth=\skip70
\nprt@sepwidth=\skip71
\nprt@decimalwidth=\skip72
\nprt@blockwidth=\skip73
\nprt@digittoks=\toks20
\nprt@pretoks=\toks21
\nprt@posttoks=\toks22
\nprt@thisdigit=\count312
\nprt@curpos=\count313
\nprt@rndpos=\count314
\c@nprt@digitsfirstblock=\count315
\c@nprt@blockcnt=\count316
\c@nprt@cntprint=\count317
 No configuration file `numprint.cfg' found.) (capitulos/presupuesto.tex) (C:\Users\trull\AppData\Local\Programs\MiKTeX\tex/generic/babel\babel.sty
Package: babel 2025/08/03 v25.12 The multilingual framework for LuaLaTeX, pdfLaTeX and XeLaTeX
\babel@savecnt=\count318
LaTeX Encoding Info:    Redeclaring text command \ij (encoding OT1) on input line 2045.
LaTeX Encoding Info:    Redeclaring text command \IJ (encoding OT1) on input line 2047.
LaTeX Encoding Info:    Redeclaring text command \ij (encoding T1) on input line 2049.
LaTeX Encoding Info:    Redeclaring text command \IJ (encoding T1) on input line 2050.
LaTeX Encoding Info:    Ignoring declaration for text command \ij (encoding ?) on input line 2051.
LaTeX Encoding Info:    Ignoring declaration for text command \IJ (encoding ?) on input line 2053.
LaTeX Encoding Info:    Ignoring declaration for text command \SS (encoding ?) on input line 2078.
\U@D=\dimen179
\l@unhyphenated=\language79
 (C:\Users\trull\AppData\Local\Programs\MiKTeX\tex/generic/babel\txtbabel.def)
\bbl@readstream=\read2
\bbl@dirlevel=\count319

*************************************
* Local config file bblopts.cfg used
*
(C:\Users\trull\AppData\Local\Programs\MiKTeX\tex/latex/arabi\bblopts.cfg
File: bblopts.cfg 2005/09/08 v0.1 add Arabic and Farsi to "declared" options of babel
) (C:\Users\trull\AppData\Local\Programs\MiKTeX\tex/latex/babel-spanish\spanish.ldf
Language: spanish.ldf 2021/05/27 v5.0q Spanish support from the babel system
 (C:\Users\trull\AppData\Local\Programs\MiKTeX\tex/generic/babel/locale/es\babel-spanish.tex
Package babel Info: Importing font and identification data for spanish
(babel)             from babel-es.ini. Reported on input line 12.
)
\es@quottoks=\toks23
\es@quotdepth=\count320
Package babel Info: Making " an active character on input line 570.
Package babel Info: Making . an active character on input line 675.
Package babel Info: Making < an active character on input line 722.
Package babel Info: Making > an active character on input line 722.
))
LaTeX Encoding Info:    Redeclaring text command \guillemotleft (encoding OT1) on input line 49.
LaTeX Encoding Info:    Redeclaring text command \guillemotright (encoding OT1) on input line 49.
 (C:\Users\trull\AppData\Local\Programs\MiKTeX\tex/latex/base\inputenc.sty
Package: inputenc 2024/02/08 v1.3d Input encoding file
\inpenc@prehook=\toks24
\inpenc@posthook=\toks25
) (C:\Users\trull\AppData\Local\Programs\MiKTeX\tex/latex/hyperref\nameref.sty
Package: nameref 2025-06-21 v2.57 Cross-referencing by name of section
 (C:\Users\trull\AppData\Local\Programs\MiKTeX\tex/latex/refcount\refcount.sty
Package: refcount 2019/12/15 v3.6 Data extraction from label references (HO)
) (C:\Users\trull\AppData\Local\Programs\MiKTeX\tex/generic/gettitlestring\gettitlestring.sty
Package: gettitlestring 2019/12/15 v1.6 Cleanup title references (HO)
 (C:\Users\trull\AppData\Local\Programs\MiKTeX\tex/latex/kvoptions\kvoptions.sty
Package: kvoptions 2022-06-15 v3.15 Key value format for package options (HO)
 (C:\Users\trull\AppData\Local\Programs\MiKTeX\tex/latex/kvsetkeys\kvsetkeys.sty
Package: kvsetkeys 2022-10-05 v1.19 Key value parser (HO)
)))
\c@section@level=\count321
) (C:\Users\trull\AppData\Local\Programs\MiKTeX\tex/latex/koma-script\scrlayer-scrpage.sty
Package: scrlayer-scrpage 2025/08/28 v3.47 KOMA-Script package (end user interface for scrlayer)
 (C:\Users\trull\AppData\Local\Programs\MiKTeX\tex/latex/koma-script\scrlayer.sty
Package: scrlayer 2025/08/28 v3.47 KOMA-Script package (defining layers and page styles)
Package scrlayer Info: patching LaTeX kernel macro \pagestyle on input line 2179.
)
Package scrlayer-scrpage Info: Makeing stand-alone element `pagehead' from
(scrlayer-scrpage)             alias to `pageheadfoot' on input line 1106.
) (C:\Users\trull\AppData\Local\Programs\MiKTeX\tex/latex/listings\listings.sty
\lst@mode=\count322
\lst@gtempboxa=\box65
\lst@token=\toks26
\lst@length=\count323
\lst@currlwidth=\dimen180
\lst@column=\count324
\lst@pos=\count325
\lst@lostspace=\dimen181
\lst@width=\dimen182
\lst@newlines=\count326
\lst@lineno=\count327
\lst@maxwidth=\dimen183
 (C:\Users\trull\AppData\Local\Programs\MiKTeX\tex/latex/listings\lstpatch.sty
File: lstpatch.sty 2024/09/23 1.10c (Carsten Heinz)
) (C:\Users\trull\AppData\Local\Programs\MiKTeX\tex/latex/listings\lstmisc.sty
File: lstmisc.sty 2024/09/23 1.10c (Carsten Heinz)
\c@lstnumber=\count328
\lst@skipnumbers=\count329
\lst@framebox=\box66
) (C:\Users\trull\AppData\Local\Programs\MiKTeX\tex/latex/listings\listings.cfg
File: listings.cfg 2024/09/23 1.10c listings configuration
))
Package: listings 2024/09/23 1.10c (Carsten Heinz)
 (C:\Users\trull\AppData\Local\Programs\MiKTeX\tex/latex/cite\cite.sty
LaTeX Info: Redefining \cite on input line 302.
LaTeX Info: Redefining \nocite on input line 332.
Package: cite 2015/02/27  v 5.5
) (C:\Users\trull\AppData\Local\Programs\MiKTeX\tex/latex/graphics\rotating.sty
Package: rotating 2025/01/14 v2.16e rotated objects in LaTeX
 (C:\Users\trull\AppData\Local\Programs\MiKTeX\tex/latex/graphics\graphicx.sty
Package: graphicx 2024/12/31 v1.2e Enhanced LaTeX Graphics (DPC,SPQR)
 (C:\Users\trull\AppData\Local\Programs\MiKTeX\tex/latex/graphics\graphics.sty
Package: graphics 2024/08/06 v1.4g Standard LaTeX Graphics (DPC,SPQR)
 (C:\Users\trull\AppData\Local\Programs\MiKTeX\tex/latex/graphics\trig.sty
Package: trig 2023/12/02 v1.11 sin cos tan (DPC)
) (C:\Users\trull\AppData\Local\Programs\MiKTeX\tex/latex/graphics-cfg\graphics.cfg
File: graphics.cfg 2016/06/04 v1.11 sample graphics configuration
)
Package graphics Info: Driver file: pdftex.def on input line 106.
 (C:\Users\trull\AppData\Local\Programs\MiKTeX\tex/latex/graphics-def\pdftex.def
File: pdftex.def 2024/04/13 v1.2c Graphics/color driver for pdftex
))
\Gin@req@height=\dimen184
\Gin@req@width=\dimen185
) (C:\Users\trull\AppData\Local\Programs\MiKTeX\tex/latex/base\ifthen.sty
Package: ifthen 2024/03/16 v1.1e Standard LaTeX ifthen package (DPC)
)
\c@r@tfl@t=\count330
\rotFPtop=\skip74
\rotFPbot=\skip75
\rot@float@box=\box67
\rot@mess@toks=\toks27
) (C:\Users\trull\AppData\Local\Programs\MiKTeX\tex/latex/pdflscape\pdflscape.sty
Package: pdflscape 2022-10-27 v0.13 Display of landscape pages in PDF
 (C:\Users\trull\AppData\Local\Programs\MiKTeX\tex/latex/pdflscape\pdflscape-nometadata.sty
Package: pdflscape-nometadata 2022-10-28 v0.13 Display of landscape pages in PDF (HO)
 (C:\Users\trull\AppData\Local\Programs\MiKTeX\tex/latex/graphics\lscape.sty
Package: lscape 2020/05/28 v3.02 Landscape Pages (DPC)
)
Package pdflscape Info: Auto-detected driver: pdftex on input line 81.
)) (C:\Users\trull\AppData\Local\Programs\MiKTeX\tex/latex/xcolor\xcolor.sty
Package: xcolor 2024/09/29 v3.02 LaTeX color extensions (UK)
 (C:\Users\trull\AppData\Local\Programs\MiKTeX\tex/latex/graphics-cfg\color.cfg
File: color.cfg 2016/01/02 v1.6 sample color configuration
)
Package xcolor Info: Driver file: pdftex.def on input line 274.
 (C:\Users\trull\AppData\Local\Programs\MiKTeX\tex/latex/graphics\mathcolor.ltx)
Package xcolor Info: Model `cmy' substituted by `cmy0' on input line 1349.
Package xcolor Info: Model `hsb' substituted by `rgb' on input line 1353.
Package xcolor Info: Model `RGB' extended on input line 1365.
Package xcolor Info: Model `HTML' substituted by `rgb' on input line 1367.
Package xcolor Info: Model `Hsb' substituted by `hsb' on input line 1368.
Package xcolor Info: Model `tHsb' substituted by `hsb' on input line 1369.
Package xcolor Info: Model `HSB' substituted by `hsb' on input line 1370.
Package xcolor Info: Model `Gray' substituted by `gray' on input line 1371.
Package xcolor Info: Model `wave' substituted by `hsb' on input line 1372.
) (C:\Users\trull\AppData\Local\Programs\MiKTeX\tex/latex/colortbl\colortbl.sty
Package: colortbl 2024/10/29 v1.0k Color table columns (DPC)
\everycr=\toks28
\minrowclearance=\skip76
\rownum=\count331
) (C:\Users\trull\AppData\Local\Programs\MiKTeX\tex/latex/gensymb\gensymb.sty
Package: gensymb 2022/10/17 v1.0.2 (KJH)
) (C:\Users\trull\AppData\Local\Programs\MiKTeX\tex/latex/float\float.sty
Package: float 2001/11/08 v1.3d Float enhancements (AL)
\c@float@type=\count332
\float@exts=\toks29
\float@box=\box68
\@float@everytoks=\toks30
\@floatcapt=\box69
) (C:\Users\trull\AppData\Local\Programs\MiKTeX\tex/latex/notoccite\notoccite.sty
Package: notoccite 2000/07/20
) (C:\Users\trull\AppData\Local\Programs\MiKTeX\tex/latex/wrapfig\wrapfig.sty
\wrapoverhang=\dimen186
\WF@size=\dimen187
\c@WF@wrappedlines=\count333
\WF@box=\box70
\WF@everypar=\toks31
Package: wrapfig 2003/01/31  v 3.6
) (C:\Users\trull\AppData\Local\Programs\MiKTeX\tex/latex/microtype\microtype.sty
Package: microtype 2025/07/09 v3.2b Micro-typographical refinements (RS)
\MT@toks=\toks32
\MT@tempbox=\box71
\MT@count=\count334
LaTeX Info: Redefining \noprotrusionifhmode on input line 1087.
LaTeX Info: Redefining \leftprotrusion on input line 1088.
\MT@prot@toks=\toks33
LaTeX Info: Redefining \rightprotrusion on input line 1107.
LaTeX Info: Redefining \textls on input line 1449.
\MT@outer@kern=\dimen188
LaTeX Info: Redefining \microtypecontext on input line 2053.
LaTeX Info: Redefining \textmicrotypecontext on input line 2070.
\MT@listname@count=\count335
 (C:\Users\trull\AppData\Local\Programs\MiKTeX\tex/latex/microtype\microtype-pdftex.def
File: microtype-pdftex.def 2025/07/09 v3.2b Definitions specific to pdftex (RS)
LaTeX Info: Redefining \lsstyle on input line 944.
LaTeX Info: Redefining \lslig on input line 944.
\MT@outer@space=\skip77
)
Package microtype Info: Loading configuration file microtype.cfg.
 (C:\Users\trull\AppData\Local\Programs\MiKTeX\tex/latex/microtype\microtype.cfg
File: microtype.cfg 2025/07/09 v3.2b microtype main configuration file (RS)
)
LaTeX Info: Redefining \microtypesetup on input line 3065.
) (C:\Users\trull\AppData\Local\Programs\MiKTeX\tex/latex/glossaries/base\glossaries.sty
Package: glossaries 2025/08/11 v4.8 (NLCT)
 (C:\Users\trull\AppData\Local\Programs\MiKTeX\tex/latex/xkeyval\xkeyval.sty
Package: xkeyval 2022/06/16 v2.9 package option processing (HA)
 (C:\Users\trull\AppData\Local\Programs\MiKTeX\tex/generic/xkeyval\xkeyval.tex (C:\Users\trull\AppData\Local\Programs\MiKTeX\tex/generic/xkeyval\xkvutils.tex
\XKV@toks=\toks34
\XKV@tempa@toks=\toks35
)
\XKV@depth=\count336
File: xkeyval.tex 2014/12/03 v2.7a key=value parser (HA)
)) (C:\Users\trull\AppData\Local\Programs\MiKTeX\tex/latex/mfirstuc\mfirstuc.sty
Package: mfirstuc 2025/04/03 v2.09 (NLCT)
\@glsmfirst=\toks36
\@glsmrest=\toks37
) (C:\Users\trull\AppData\Local\Programs\MiKTeX\tex/latex/xfor\xfor.sty
Package: xfor 2009/02/05 v1.05 (NLCT)
) (C:\Users\trull\AppData\Local\Programs\MiKTeX\tex/latex/tracklang\tracklang.sty
Package: tracklang 2025/03/11 v1.6.6 (NLCT) Track Languages
 (C:\Users\trull\AppData\Local\Programs\MiKTeX\tex/generic/tracklang\tracklang.tex)
Package tracklang Info: Tracking dialect `spanish' (language `spanish') on input line 53.
) (C:\Users\trull\AppData\Local\Programs\MiKTeX\tex/latex/translator\translator.sty
Package: translator 2021-05-31 v1.12d Easy translation of strings in LaTeX
) (C:\Users\trull\AppData\Local\Programs\MiKTeX\tex/latex/glossaries-spanish\glossaries-spanish.ldf
File: glossaries-spanish.ldf 2014/11/23 v1.0
 (C:\Users\trull\AppData\Local\Programs\MiKTeX\tex/latex/glossaries-spanish\glossaries-spanish-utf8.ldf)) (C:\Users\trull\AppData\Local\Programs\MiKTeX\tex/latex/datatool\datatool-base.sty
Package: datatool-base 2025/04/25 v3.4.1 (NLCT)
 (C:\Users\trull\AppData\Local\Programs\MiKTeX\tex/latex/amsmath\amsmath.sty
Package: amsmath 2025/06/16 v2.17y AMS math features
\@mathmargin=\skip78

For additional information on amsmath, use the `?' option.
(C:\Users\trull\AppData\Local\Programs\MiKTeX\tex/latex/amsmath\amsbsy.sty
Package: amsbsy 1999/11/29 v1.2d Bold Symbols
\pmbraise@=\dimen189
) (C:\Users\trull\AppData\Local\Programs\MiKTeX\tex/latex/amsmath\amsopn.sty
Package: amsopn 2022/04/08 v2.04 operator names
)
\inf@bad=\count337
LaTeX Info: Redefining \frac on input line 233.
\uproot@=\count338
\leftroot@=\count339
LaTeX Info: Redefining \overline on input line 398.
LaTeX Info: Redefining \colon on input line 409.
\classnum@=\count340
\DOTSCASE@=\count341
LaTeX Info: Redefining \ldots on input line 495.
LaTeX Info: Redefining \dots on input line 498.
LaTeX Info: Redefining \cdots on input line 619.
\Mathstrutbox@=\box72
\strutbox@=\box73
LaTeX Info: Redefining \big on input line 721.
LaTeX Info: Redefining \Big on input line 722.
LaTeX Info: Redefining \bigg on input line 723.
LaTeX Info: Redefining \Bigg on input line 724.
\big@size=\dimen190
LaTeX Font Info:    Redeclaring font encoding OML on input line 742.
LaTeX Font Info:    Redeclaring font encoding OMS on input line 743.
\macc@depth=\count342
LaTeX Info: Redefining \bmod on input line 904.
LaTeX Info: Redefining \pmod on input line 909.
LaTeX Info: Redefining \smash on input line 939.
LaTeX Info: Redefining \relbar on input line 969.
LaTeX Info: Redefining \Relbar on input line 970.
\c@MaxMatrixCols=\count343
\dotsspace@=\muskip17
\c@parentequation=\count344
\dspbrk@lvl=\count345
\tag@help=\toks38
\row@=\count346
\column@=\count347
\maxfields@=\count348
\andhelp@=\toks39
\eqnshift@=\dimen191
\alignsep@=\dimen192
\tagshift@=\dimen193
\tagwidth@=\dimen194
\totwidth@=\dimen195
\lineht@=\dimen196
\@envbody=\toks40
\multlinegap=\skip79
\multlinetaggap=\skip80
\mathdisplay@stack=\toks41
LaTeX Info: Redefining \[ on input line 2949.
LaTeX Info: Redefining \] on input line 2950.
) (C:\Users\trull\AppData\Local\Programs\MiKTeX\tex/latex/datatool\datatool-l3fp.def
File: datatool-l3fp.def 2025/04/25 v3.4.1 (NLCT)
)
\@dtl@toks=\toks42
\@dtl@tmpcount=\count349
\dtl@tmplength=\skip81
\l__datatool_measure_box=\box74
\dtl@sortresult=\count350
 (C:\Users\trull\AppData\Local\Programs\MiKTeX\tex/latex/datatool\datatool-utf8.ldf
File: datatool-utf8.ldf 2025/04/25 v3.4.1 (NLCT)
)
\@dtl@datatype=\count351
\l__datatool_tmpa_int=\count352
\l__datatool_tmpb_int=\count353
\l__datatool_tmpc_int=\count354
\l__datatool_tmpd_int=\count355
\l__datatool_count_int=\count356
\l__datatool_tmp_datatype_int=\count357
\l__datatool_tmpa_dim=\dimen197
\l__datatool_tmpb_dim=\dimen198
\c_datatool_unknown_int=\count358
\l__datatool_year_int=\count359
\l__datatool_month_int=\count360
\l__datatool_day_int=\count361
\l__datatool_hour_int=\count362
\l__datatool_minute_int=\count363
\l__datatool_second_int=\count364
\l__datatool_tzhour_int=\count365
\l__datatool_tzminute_int=\count366
\l__datatool_julian_int=\count367
\l__datatool_local_julian_int=\count368
\l__datatool_prefix_int=\count369
\l__datatool_suffix_int=\count370
\@dtl@foreach@level=\count371


Package tracklang Warning: No `datatool' support for dialect `spanish'  on input line 9908.

\dtl@codeA=\count372
\dtl@codeB=\count373
)
\gls@level=\count374
\@gls@tmpb=\toks43
\gls@tmplen=\skip82
\l__glossaries_tmpa_dim=\dimen199
\l__glossaries_tmpb_dim=\dimen256
\glskeylisttok=\toks44
\glslabeltok=\toks45
\glsshorttok=\toks46
\glslongtok=\toks47
 (C:\Users\trull\AppData\Local\Programs\MiKTeX\tex/latex/glossaries/styles\glossary-hypernav.sty
Package: glossary-hypernav 2025/08/11 v4.8 (NLCT)
) (C:\Users\trull\AppData\Local\Programs\MiKTeX\tex/latex/glossaries/styles\glossary-list.sty
Package: glossary-list 2025/08/11 v4.8 (NLCT)
\glslistdottedwidth=\skip83
) (C:\Users\trull\AppData\Local\Programs\MiKTeX\tex/latex/glossaries/styles\glossary-long.sty
Package: glossary-long 2025/08/11 v4.8 (NLCT)
 (C:\Users\trull\AppData\Local\Programs\MiKTeX\tex/latex/tools\longtable.sty
Package: longtable 2024-12-18 v4.23 Multi-page Table package (DPC)
\LTleft=\skip84
\LTright=\skip85
\LTpre=\skip86
\LTpost=\skip87
\LTchunksize=\count375
\LTcapwidth=\dimen257
\LT@head=\box75
\LT@firsthead=\box76
\LT@foot=\box77
\LT@lastfoot=\box78
\LT@gbox=\box79
\LT@cols=\count376
\LT@rows=\count377
\c@LT@tables=\count378
\c@LT@chunks=\count379
\LT@p@ftn=\toks48
)
Class scrbook Info: longtable captions redefined on input line 47.
\glsdescwidth=\skip88
\glspagelistwidth=\skip89
) (C:\Users\trull\AppData\Local\Programs\MiKTeX\tex/latex/glossaries/styles\glossary-super.sty
Package: glossary-super 2025/08/11 v4.8 (NLCT)
 (C:\Users\trull\AppData\Local\Programs\MiKTeX\tex/latex/supertabular\supertabular.sty
Package: supertabular 2024/07/20 v4.2c the supertabular environment
\c@tracingst=\count380
\ST@wd=\dimen258
\ST@rightskip=\skip90
\ST@leftskip=\skip91
\ST@parfillskip=\skip92
\ST@pageleft=\dimen259
\ST@headht=\dimen260
\ST@tailht=\dimen261
\ST@pagesofar=\dimen262
\ST@pboxht=\dimen263
\ST@rowht=\dimen264
\ST@prevht=\dimen265
\ST@toadd=\dimen266
\ST@dimen=\dimen267
\ST@pbox=\box80
)) (C:\Users\trull\AppData\Local\Programs\MiKTeX\tex/latex/glossaries/styles\glossary-tree.sty
Package: glossary-tree 2025/08/11 v4.8 (NLCT)
\l__glossaries_tree_max_known_level_int=\count381
\l__glossaries_tree_offset_dim=\dimen268
\l__glossaries_tree_namewidth_dim=\dimen269
\l__glossaries_tree_symbolwidth_dim=\dimen270
\l__glossaries_tree_prenamesym_width_dim=\dimen271
\l__glossaries_tree_presubnamesym_width_dim=\dimen272
\l__glossaries_tree_namewidth_padding_dim=\dimen273
\l__glossaries_tree_symbolwidth_padding_dim=\dimen274
\l__glossaries_tree_namesymbolwidth_dim=\dimen275
\l__glossaries_tree_namesymbolwidth_padding_dim=\dimen276
\l__glossaries_tree_level_int=\count382
\glstreeindent=\skip93
))
\glswrite=\write3
\glo@main@file=\write4
\openout4 = `TFG.glo'.

Package glossaries Info: Writing glossary file TFG.glo on input line 113.
\glo@acronym@file=\write5
\openout5 = `TFG.acn'.

Package glossaries Info: Writing glossary file TFG.acn on input line 113.
 (capitulos/acronimos.tex) (C:\Users\trull\AppData\Local\Programs\MiKTeX\tex/latex/pgf/frontendlayer\tikz.sty (C:\Users\trull\AppData\Local\Programs\MiKTeX\tex/latex/pgf/basiclayer\pgf.sty (C:\Users\trull\AppData\Local\Programs\MiKTeX\tex/latex/pgf/utilities\pgfrcs.sty (C:\Users\trull\AppData\Local\Programs\MiKTeX\tex/generic/pgf/utilities\pgfutil-common.tex
\pgfutil@everybye=\toks49
\pgfutil@tempdima=\dimen277
\pgfutil@tempdimb=\dimen278
) (C:\Users\trull\AppData\Local\Programs\MiKTeX\tex/generic/pgf/utilities\pgfutil-latex.def
\pgfutil@abb=\box81
) (C:\Users\trull\AppData\Local\Programs\MiKTeX\tex/generic/pgf/utilities\pgfrcs.code.tex (C:\Users\trull\AppData\Local\Programs\MiKTeX\tex/generic/pgf\pgf.revision.tex)
Package: pgfrcs 2025-08-29 v3.1.11a (3.1.11a)
))
Package: pgf 2025-08-29 v3.1.11a (3.1.11a)
 (C:\Users\trull\AppData\Local\Programs\MiKTeX\tex/latex/pgf/basiclayer\pgfcore.sty (C:\Users\trull\AppData\Local\Programs\MiKTeX\tex/latex/pgf/systemlayer\pgfsys.sty (C:\Users\trull\AppData\Local\Programs\MiKTeX\tex/generic/pgf/systemlayer\pgfsys.code.tex
Package: pgfsys 2025-08-29 v3.1.11a (3.1.11a)
 (C:\Users\trull\AppData\Local\Programs\MiKTeX\tex/generic/pgf/utilities\pgfkeys.code.tex
\pgfkeys@pathtoks=\toks50
\pgfkeys@temptoks=\toks51
 (C:\Users\trull\AppData\Local\Programs\MiKTeX\tex/generic/pgf/utilities\pgfkeyslibraryfiltered.code.tex
\pgfkeys@tmptoks=\toks52
))
\pgf@x=\dimen279
\pgf@y=\dimen280
\pgf@xa=\dimen281
\pgf@ya=\dimen282
\pgf@xb=\dimen283
\pgf@yb=\dimen284
\pgf@xc=\dimen285
\pgf@yc=\dimen286
\pgf@xd=\dimen287
\pgf@yd=\dimen288
\w@pgf@writea=\write6
\r@pgf@reada=\read3
\c@pgf@counta=\count383
\c@pgf@countb=\count384
\c@pgf@countc=\count385
\c@pgf@countd=\count386
\t@pgf@toka=\toks53
\t@pgf@tokb=\toks54
\t@pgf@tokc=\toks55
\pgf@sys@id@count=\count387
 (C:\Users\trull\AppData\Local\Programs\MiKTeX\tex/generic/pgf/systemlayer\pgf.cfg
File: pgf.cfg 2025-08-29 v3.1.11a (3.1.11a)
)
Driver file for pgf: pgfsys-pdftex.def
 (C:\Users\trull\AppData\Local\Programs\MiKTeX\tex/generic/pgf/systemlayer\pgfsys-pdftex.def
File: pgfsys-pdftex.def 2025-08-29 v3.1.11a (3.1.11a)
 (C:\Users\trull\AppData\Local\Programs\MiKTeX\tex/generic/pgf/systemlayer\pgfsys-common-pdf.def
File: pgfsys-common-pdf.def 2025-08-29 v3.1.11a (3.1.11a)
))) (C:\Users\trull\AppData\Local\Programs\MiKTeX\tex/generic/pgf/systemlayer\pgfsyssoftpath.code.tex
File: pgfsyssoftpath.code.tex 2025-08-29 v3.1.11a (3.1.11a)
\pgfsyssoftpath@smallbuffer@items=\count388
\pgfsyssoftpath@bigbuffer@items=\count389
) (C:\Users\trull\AppData\Local\Programs\MiKTeX\tex/generic/pgf/systemlayer\pgfsysprotocol.code.tex
File: pgfsysprotocol.code.tex 2025-08-29 v3.1.11a (3.1.11a)
)) (C:\Users\trull\AppData\Local\Programs\MiKTeX\tex/generic/pgf/basiclayer\pgfcore.code.tex
Package: pgfcore 2025-08-29 v3.1.11a (3.1.11a)
 (C:\Users\trull\AppData\Local\Programs\MiKTeX\tex/generic/pgf/math\pgfmath.code.tex (C:\Users\trull\AppData\Local\Programs\MiKTeX\tex/generic/pgf/math\pgfmathutil.code.tex) (C:\Users\trull\AppData\Local\Programs\MiKTeX\tex/generic/pgf/math\pgfmathparser.code.tex
\pgfmath@dimen=\dimen289
\pgfmath@count=\count390
\pgfmath@box=\box82
\pgfmath@toks=\toks56
\pgfmath@stack@operand=\toks57
\pgfmath@stack@operation=\toks58
) (C:\Users\trull\AppData\Local\Programs\MiKTeX\tex/generic/pgf/math\pgfmathfunctions.code.tex) (C:\Users\trull\AppData\Local\Programs\MiKTeX\tex/generic/pgf/math\pgfmathfunctions.basic.code.tex) (C:\Users\trull\AppData\Local\Programs\MiKTeX\tex/generic/pgf/math\pgfmathfunctions.trigonometric.code.tex) (C:\Users\trull\AppData\Local\Programs\MiKTeX\tex/generic/pgf/math\pgfmathfunctions.random.code.tex) (C:\Users\trull\AppData\Local\Programs\MiKTeX\tex/generic/pgf/math\pgfmathfunctions.comparison.code.tex) (C:\Users\trull\AppData\Local\Programs\MiKTeX\tex/generic/pgf/math\pgfmathfunctions.base.code.tex) (C:\Users\trull\AppData\Local\Programs\MiKTeX\tex/generic/pgf/math\pgfmathfunctions.round.code.tex) (C:\Users\trull\AppData\Local\Programs\MiKTeX\tex/generic/pgf/math\pgfmathfunctions.misc.code.tex) (C:\Users\trull\AppData\Local\Programs\MiKTeX\tex/generic/pgf/math\pgfmathfunctions.integerarithmetics.code.tex) (C:\Users\trull\AppData\Local\Programs\MiKTeX\tex/generic/pgf/math\pgfmathcalc.code.tex) (C:\Users\trull\AppData\Local\Programs\MiKTeX\tex/generic/pgf/math\pgfmathfloat.code.tex
\c@pgfmathroundto@lastzeros=\count391
)) (C:\Users\trull\AppData\Local\Programs\MiKTeX\tex/generic/pgf/math\pgfint.code.tex) (C:\Users\trull\AppData\Local\Programs\MiKTeX\tex/generic/pgf/basiclayer\pgfcorepoints.code.tex
File: pgfcorepoints.code.tex 2025-08-29 v3.1.11a (3.1.11a)
\pgf@picminx=\dimen290
\pgf@picmaxx=\dimen291
\pgf@picminy=\dimen292
\pgf@picmaxy=\dimen293
\pgf@pathminx=\dimen294
\pgf@pathmaxx=\dimen295
\pgf@pathminy=\dimen296
\pgf@pathmaxy=\dimen297
\pgf@xx=\dimen298
\pgf@xy=\dimen299
\pgf@yx=\dimen300
\pgf@yy=\dimen301
\pgf@zx=\dimen302
\pgf@zy=\dimen303
) (C:\Users\trull\AppData\Local\Programs\MiKTeX\tex/generic/pgf/basiclayer\pgfcorepathconstruct.code.tex
File: pgfcorepathconstruct.code.tex 2025-08-29 v3.1.11a (3.1.11a)
\pgf@path@lastx=\dimen304
\pgf@path@lasty=\dimen305
) (C:\Users\trull\AppData\Local\Programs\MiKTeX\tex/generic/pgf/basiclayer\pgfcorepathusage.code.tex
File: pgfcorepathusage.code.tex 2025-08-29 v3.1.11a (3.1.11a)
\pgf@shorten@end@additional=\dimen306
\pgf@shorten@start@additional=\dimen307
) (C:\Users\trull\AppData\Local\Programs\MiKTeX\tex/generic/pgf/basiclayer\pgfcorescopes.code.tex
File: pgfcorescopes.code.tex 2025-08-29 v3.1.11a (3.1.11a)
\pgfpic=\box83
\pgf@hbox=\box84
\pgf@layerbox@main=\box85
\pgf@picture@serial@count=\count392
) (C:\Users\trull\AppData\Local\Programs\MiKTeX\tex/generic/pgf/basiclayer\pgfcoregraphicstate.code.tex
File: pgfcoregraphicstate.code.tex 2025-08-29 v3.1.11a (3.1.11a)
\pgflinewidth=\dimen308
) (C:\Users\trull\AppData\Local\Programs\MiKTeX\tex/generic/pgf/basiclayer\pgfcoretransformations.code.tex
File: pgfcoretransformations.code.tex 2025-08-29 v3.1.11a (3.1.11a)
\pgf@pt@x=\dimen309
\pgf@pt@y=\dimen310
\pgf@pt@temp=\dimen311
) (C:\Users\trull\AppData\Local\Programs\MiKTeX\tex/generic/pgf/basiclayer\pgfcorequick.code.tex
File: pgfcorequick.code.tex 2025-08-29 v3.1.11a (3.1.11a)
) (C:\Users\trull\AppData\Local\Programs\MiKTeX\tex/generic/pgf/basiclayer\pgfcoreobjects.code.tex
File: pgfcoreobjects.code.tex 2025-08-29 v3.1.11a (3.1.11a)
) (C:\Users\trull\AppData\Local\Programs\MiKTeX\tex/generic/pgf/basiclayer\pgfcorepathprocessing.code.tex
File: pgfcorepathprocessing.code.tex 2025-08-29 v3.1.11a (3.1.11a)
) (C:\Users\trull\AppData\Local\Programs\MiKTeX\tex/generic/pgf/basiclayer\pgfcorearrows.code.tex
File: pgfcorearrows.code.tex 2025-08-29 v3.1.11a (3.1.11a)
\pgfarrowsep=\dimen312
) (C:\Users\trull\AppData\Local\Programs\MiKTeX\tex/generic/pgf/basiclayer\pgfcoreshade.code.tex
File: pgfcoreshade.code.tex 2025-08-29 v3.1.11a (3.1.11a)
\pgf@max=\dimen313
\pgf@sys@shading@range@num=\count393
\pgf@shadingcount=\count394
) (C:\Users\trull\AppData\Local\Programs\MiKTeX\tex/generic/pgf/basiclayer\pgfcoreimage.code.tex
File: pgfcoreimage.code.tex 2025-08-29 v3.1.11a (3.1.11a)
) (C:\Users\trull\AppData\Local\Programs\MiKTeX\tex/generic/pgf/basiclayer\pgfcoreexternal.code.tex
File: pgfcoreexternal.code.tex 2025-08-29 v3.1.11a (3.1.11a)
\pgfexternal@startupbox=\box86
) (C:\Users\trull\AppData\Local\Programs\MiKTeX\tex/generic/pgf/basiclayer\pgfcorelayers.code.tex
File: pgfcorelayers.code.tex 2025-08-29 v3.1.11a (3.1.11a)
) (C:\Users\trull\AppData\Local\Programs\MiKTeX\tex/generic/pgf/basiclayer\pgfcoretransparency.code.tex
File: pgfcoretransparency.code.tex 2025-08-29 v3.1.11a (3.1.11a)
) (C:\Users\trull\AppData\Local\Programs\MiKTeX\tex/generic/pgf/basiclayer\pgfcorepatterns.code.tex
File: pgfcorepatterns.code.tex 2025-08-29 v3.1.11a (3.1.11a)
) (C:\Users\trull\AppData\Local\Programs\MiKTeX\tex/generic/pgf/basiclayer\pgfcorerdf.code.tex
File: pgfcorerdf.code.tex 2025-08-29 v3.1.11a (3.1.11a)
))) (C:\Users\trull\AppData\Local\Programs\MiKTeX\tex/generic/pgf/modules\pgfmoduleshapes.code.tex
File: pgfmoduleshapes.code.tex 2025-08-29 v3.1.11a (3.1.11a)
\pgfnodeparttextbox=\box87
) (C:\Users\trull\AppData\Local\Programs\MiKTeX\tex/generic/pgf/modules\pgfmoduleplot.code.tex
File: pgfmoduleplot.code.tex 2025-08-29 v3.1.11a (3.1.11a)
) (C:\Users\trull\AppData\Local\Programs\MiKTeX\tex/latex/pgf/compatibility\pgfcomp-version-0-65.sty
Package: pgfcomp-version-0-65 2025-08-29 v3.1.11a (3.1.11a)
\pgf@nodesepstart=\dimen314
\pgf@nodesepend=\dimen315
) (C:\Users\trull\AppData\Local\Programs\MiKTeX\tex/latex/pgf/compatibility\pgfcomp-version-1-18.sty
Package: pgfcomp-version-1-18 2025-08-29 v3.1.11a (3.1.11a)
)) (C:\Users\trull\AppData\Local\Programs\MiKTeX\tex/latex/pgf/utilities\pgffor.sty (C:\Users\trull\AppData\Local\Programs\MiKTeX\tex/latex/pgf/utilities\pgfkeys.sty (C:\Users\trull\AppData\Local\Programs\MiKTeX\tex/generic/pgf/utilities\pgfkeys.code.tex)) (C:\Users\trull\AppData\Local\Programs\MiKTeX\tex/latex/pgf/math\pgfmath.sty (C:\Users\trull\AppData\Local\Programs\MiKTeX\tex/generic/pgf/math\pgfmath.code.tex)) (C:\Users\trull\AppData\Local\Programs\MiKTeX\tex/generic/pgf/utilities\pgffor.code.tex
Package: pgffor 2025-08-29 v3.1.11a (3.1.11a)
\pgffor@iter=\dimen316
\pgffor@skip=\dimen317
\pgffor@stack=\toks59
\pgffor@toks=\toks60
)) (C:\Users\trull\AppData\Local\Programs\MiKTeX\tex/generic/pgf/frontendlayer/tikz\tikz.code.tex
Package: tikz 2025-08-29 v3.1.11a (3.1.11a)
 (C:\Users\trull\AppData\Local\Programs\MiKTeX\tex/generic/pgf/libraries\pgflibraryplothandlers.code.tex
File: pgflibraryplothandlers.code.tex 2025-08-29 v3.1.11a (3.1.11a)
\pgf@plot@mark@count=\count395
\pgfplotmarksize=\dimen318
)
\tikz@lastx=\dimen319
\tikz@lasty=\dimen320
\tikz@lastxsaved=\dimen321
\tikz@lastysaved=\dimen322
\tikz@lastmovetox=\dimen323
\tikz@lastmovetoy=\dimen324
\tikzleveldistance=\dimen325
\tikzsiblingdistance=\dimen326
\tikz@figbox=\box88
\tikz@figbox@bg=\box89
\tikz@tempbox=\box90
\tikz@tempbox@bg=\box91
\tikztreelevel=\count396
\tikznumberofchildren=\count397
\tikznumberofcurrentchild=\count398
\tikz@fig@count=\count399
 (C:\Users\trull\AppData\Local\Programs\MiKTeX\tex/generic/pgf/modules\pgfmodulematrix.code.tex
File: pgfmodulematrix.code.tex 2025-08-29 v3.1.11a (3.1.11a)
\pgfmatrixcurrentrow=\count400
\pgfmatrixcurrentcolumn=\count401
\pgf@matrix@numberofcolumns=\count402
)
\tikz@expandcount=\count403
 (C:\Users\trull\AppData\Local\Programs\MiKTeX\tex/generic/pgf/frontendlayer/tikz/libraries\tikzlibrarytopaths.code.tex
File: tikzlibrarytopaths.code.tex 2025-08-29 v3.1.11a (3.1.11a)
))) (C:\Users\trull\AppData\Local\Programs\MiKTeX\tex/generic/pgf/frontendlayer/tikz/libraries\tikzlibraryshapes.geometric.code.tex
File: tikzlibraryshapes.geometric.code.tex 2025-08-29 v3.1.11a (3.1.11a)
 (C:\Users\trull\AppData\Local\Programs\MiKTeX\tex/generic/pgf/libraries/shapes\pgflibraryshapes.geometric.code.tex
File: pgflibraryshapes.geometric.code.tex 2025-08-29 v3.1.11a (3.1.11a)
)) (C:\Users\trull\AppData\Local\Programs\MiKTeX\tex/generic/pgf/frontendlayer/tikz/libraries\tikzlibrarypositioning.code.tex
File: tikzlibrarypositioning.code.tex 2025-08-29 v3.1.11a (3.1.11a)
) (C:\Users\trull\AppData\Local\Programs\MiKTeX\tex/generic/pgf/frontendlayer/tikz/libraries\tikzlibraryintersections.code.tex (C:\Users\trull\AppData\Local\Programs\MiKTeX\tex/generic/pgf/libraries\pgflibraryintersections.code.tex (C:\Users\trull\AppData\Local\Programs\MiKTeX\tex/generic/pgf/libraries\pgflibraryfpu.code.tex)
\pgf@intersect@solutions=\count404
)) (C:\Users\trull\AppData\Local\Programs\MiKTeX\tex/generic/pgf/frontendlayer/tikz/libraries\tikzlibraryshapes.misc.code.tex
File: tikzlibraryshapes.misc.code.tex 2025-08-29 v3.1.11a (3.1.11a)
 (C:\Users\trull\AppData\Local\Programs\MiKTeX\tex/generic/pgf/libraries/shapes\pgflibraryshapes.misc.code.tex
File: pgflibraryshapes.misc.code.tex 2025-08-29 v3.1.11a (3.1.11a)
)) (C:\Users\trull\AppData\Local\Programs\MiKTeX\tex/generic/pgf/libraries\pgflibraryarrows.meta.code.tex
File: pgflibraryarrows.meta.code.tex 2025-08-29 v3.1.11a (3.1.11a)
\pgfarrowinset=\dimen327
\pgfarrowlength=\dimen328
\pgfarrowwidth=\dimen329
\pgfarrowlinewidth=\dimen330
) (C:\Users\trull\AppData\Local\Programs\MiKTeX\tex/generic/pgf/frontendlayer/tikz/libraries\tikzlibraryshadows.code.tex
File: tikzlibraryshadows.code.tex 2025-08-29 v3.1.11a (3.1.11a)
 (C:\Users\trull\AppData\Local\Programs\MiKTeX\tex/generic/pgf/frontendlayer/tikz/libraries\tikzlibraryfadings.code.tex
File: tikzlibraryfadings.code.tex 2025-08-29 v3.1.11a (3.1.11a)
 (C:\Users\trull\AppData\Local\Programs\MiKTeX\tex/generic/pgf/libraries\pgflibraryfadings.code.tex
File: pgflibraryfadings.code.tex 2025-08-29 v3.1.11a (3.1.11a)
))) (C:\Users\trull\AppData\Local\Programs\MiKTeX\tex/latex/amsfonts\amsfonts.sty
Package: amsfonts 2013/01/14 v3.01 Basic AMSFonts support
\symAMSa=\mathgroup4
\symAMSb=\mathgroup5
LaTeX Font Info:    Redeclaring math symbol \hbar on input line 98.
LaTeX Font Info:    Overwriting math alphabet `\mathfrak' in version `bold'
(Font)                  U/euf/m/n --> U/euf/b/n on input line 106.
) (C:\Users\trull\AppData\Local\Programs\MiKTeX\tex/latex/amsfonts\amssymb.sty
Package: amssymb 2013/01/14 v3.01 AMS font symbols
) (C:\Users\trull\AppData\Local\Programs\MiKTeX\tex/latex/subfigure\subfigure.sty
Package: subfigure 2002/07/30 v2.1.4 subfigure package
\subfigtopskip=\skip94
\subfigcapskip=\skip95
\subfigcaptopadj=\dimen331
\subfigbottomskip=\skip96
\subfigcapmargin=\dimen332
\subfiglabelskip=\skip97
\c@subfigure=\count405
\c@lofdepth=\count406
\c@subtable=\count407
\c@lotdepth=\count408

****************************************
* Local config file subfigure.cfg used *
****************************************
(C:\Users\trull\AppData\Local\Programs\MiKTeX\tex/latex/subfigure\subfigure.cfg)
\subfig@top=\skip98
\subfig@bottom=\skip99
) (C:\Users\trull\AppData\Local\Programs\MiKTeX\tex/latex/appendix\appendix.sty
Package: appendix 2020/02/08 v1.2c extra appendix facilities
\c@@pps=\count409
\c@@ppsavesec=\count410
\c@@ppsaveapp=\count411
) (C:\Users\trull\AppData\Local\Programs\MiKTeX\tex/latex/geometry\geometry.sty
Package: geometry 2020/01/02 v5.9 Page Geometry
 (C:\Users\trull\AppData\Local\Programs\MiKTeX\tex/generic/iftex\ifvtex.sty
Package: ifvtex 2019/10/25 v1.7 ifvtex legacy package. Use iftex instead.
)
\Gm@cnth=\count412
\Gm@cntv=\count413
\c@Gm@tempcnt=\count414
\Gm@bindingoffset=\dimen333
\Gm@wd@mp=\dimen334
\Gm@odd@mp=\dimen335
\Gm@even@mp=\dimen336
\Gm@layoutwidth=\dimen337
\Gm@layoutheight=\dimen338
\Gm@layouthoffset=\dimen339
\Gm@layoutvoffset=\dimen340
\Gm@dimlist=\toks61
 (C:\Users\trull\AppData\Local\Programs\MiKTeX\tex/latex/geometry\geometry.cfg)) (C:\Users\trull\AppData\Local\Programs\MiKTeX\tex/latex/tools\multicol.sty
Package: multicol 2025/05/25 v2.0a multicolumn formatting (FMi)
\c@tracingmulticols=\count415
\mult@box=\box92
\multicol@leftmargin=\dimen341
\c@unbalance=\count416
\c@collectmore=\count417
\doublecol@number=\count418
\multicoltolerance=\count419
\multicolpretolerance=\count420
\full@width=\dimen342
\page@free=\dimen343
\premulticols=\dimen344
\postmulticols=\dimen345
\multicolsep=\skip100
\multicolbaselineskip=\skip101
\partial@page=\box93
\last@line=\box94
\mc@boxedresult=\box95
\maxbalancingoverflow=\dimen346
\mult@rightbox=\box96
\mult@grightbox=\box97
\mult@firstbox=\box98
\mult@gfirstbox=\box99
\@tempa=\box100
\@tempa=\box101
\@tempa=\box102
\@tempa=\box103
\@tempa=\box104
\@tempa=\box105
\@tempa=\box106
\@tempa=\box107
\@tempa=\box108
\@tempa=\box109
\@tempa=\box110
\@tempa=\box111
\@tempa=\box112
\@tempa=\box113
\@tempa=\box114
\@tempa=\box115
\@tempa=\box116
\@tempa=\box117
\@tempa=\box118
\@tempa=\box119
\@tempa=\box120
\@tempa=\box121
\@tempa=\box122
\@tempa=\box123
\@tempa=\box124
\@tempa=\box125
\@tempa=\box126
\@tempa=\box127
\@tempa=\box128
\@tempa=\box129
\@tempa=\box130
\@tempa=\box131
\@tempa=\box132
\@tempa=\box133
\@tempa=\box134
\@tempa=\box135
\c@minrows=\count421
\c@columnbadness=\count422
\c@finalcolumnbadness=\count423
\last@try=\dimen347
\multicolovershoot=\dimen348
\multicolundershoot=\dimen349
\mult@nat@firstbox=\box136
\colbreak@box=\box137
\mc@col@check@num=\count424
\g__mc_curr_col_int=\count425
) (C:\Users\trull\AppData\Local\Programs\MiKTeX\tex/latex/hyperref\hyperref.sty
Package: hyperref 2025-07-12 v7.01o Hypertext links for LaTeX
 (C:\Users\trull\AppData\Local\Programs\MiKTeX\tex/generic/kvdefinekeys\kvdefinekeys.sty
Package: kvdefinekeys 2019-12-19 v1.6 Define keys (HO)
) (C:\Users\trull\AppData\Local\Programs\MiKTeX\tex/generic/pdfescape\pdfescape.sty
Package: pdfescape 2019/12/09 v1.15 Implements pdfTeX's escape features (HO)
) (C:\Users\trull\AppData\Local\Programs\MiKTeX\tex/latex/hycolor\hycolor.sty
Package: hycolor 2020-01-27 v1.10 Color options for hyperref/bookmark (HO)
) (C:\Users\trull\AppData\Local\Programs\MiKTeX\tex/generic/stringenc\stringenc.sty
Package: stringenc 2019/11/29 v1.12 Convert strings between diff. encodings (HO)
)
\@linkdim=\dimen350
\Hy@linkcounter=\count426
\Hy@pagecounter=\count427
 (C:\Users\trull\AppData\Local\Programs\MiKTeX\tex/latex/hyperref\pd1enc.def
File: pd1enc.def 2025-07-12 v7.01o Hyperref: PDFDocEncoding definition (HO)
Now handling font encoding PD1 ...
... no UTF-8 mapping file for font encoding PD1
) (C:\Users\trull\AppData\Local\Programs\MiKTeX\tex/generic/intcalc\intcalc.sty
Package: intcalc 2019/12/15 v1.3 Expandable calculations with integers (HO)
)
\Hy@SavedSpaceFactor=\count428
 (C:\Users\trull\AppData\Local\Programs\MiKTeX\tex/latex/hyperref\puenc.def
File: puenc.def 2025-07-12 v7.01o Hyperref: PDF Unicode definition (HO)
Now handling font encoding PU ...
... no UTF-8 mapping file for font encoding PU
)
Package hyperref Info: Hyper figures OFF on input line 4195.
Package hyperref Info: Link nesting OFF on input line 4200.
Package hyperref Info: Hyper index ON on input line 4203.
Package hyperref Info: Plain pages OFF on input line 4210.
Package hyperref Info: Backreferencing OFF on input line 4215.
Package hyperref Info: Implicit mode ON; LaTeX internals redefined.
Package hyperref Info: Bookmarks ON on input line 4462.
\c@Hy@tempcnt=\count429
 (C:\Users\trull\AppData\Local\Programs\MiKTeX\tex/latex/url\url.sty
\Urlmuskip=\muskip18
Package: url 2013/09/16  ver 3.4  Verb mode for urls, etc.
)
LaTeX Info: Redefining \url on input line 4801.
\XeTeXLinkMargin=\dimen351
 (C:\Users\trull\AppData\Local\Programs\MiKTeX\tex/generic/bitset\bitset.sty
Package: bitset 2019/12/09 v1.3 Handle bit-vector datatype (HO)
 (C:\Users\trull\AppData\Local\Programs\MiKTeX\tex/generic/bigintcalc\bigintcalc.sty
Package: bigintcalc 2019/12/15 v1.5 Expandable calculations on big integers (HO)
))
\Fld@menulength=\count430
\Field@Width=\dimen352
\Fld@charsize=\dimen353
Package hyperref Info: Hyper figures OFF on input line 6078.
Package hyperref Info: Link nesting OFF on input line 6083.
Package hyperref Info: Hyper index ON on input line 6086.
Package hyperref Info: backreferencing OFF on input line 6093.
Package hyperref Info: Link coloring OFF on input line 6098.
Package hyperref Info: Link coloring with OCG OFF on input line 6103.
Package hyperref Info: PDF/A mode OFF on input line 6108.
\Hy@abspage=\count431
\c@Item=\count432
\c@Hfootnote=\count433
)
Package hyperref Info: Driver (autodetected): hpdftex.
 (C:\Users\trull\AppData\Local\Programs\MiKTeX\tex/latex/hyperref\hpdftex.def
File: hpdftex.def 2025-07-12 v7.01o Hyperref driver for pdfTeX
\Fld@listcount=\count434
\c@bookmark@seq@number=\count435
 (C:\Users\trull\AppData\Local\Programs\MiKTeX\tex/latex/rerunfilecheck\rerunfilecheck.sty
Package: rerunfilecheck 2025-06-21 v1.11 Rerun checks for auxiliary files (HO)
 (C:\Users\trull\AppData\Local\Programs\MiKTeX\tex/generic/uniquecounter\uniquecounter.sty
Package: uniquecounter 2019/12/15 v1.4 Provide unlimited unique counter (HO)
)
Package uniquecounter Info: New unique counter `rerunfilecheck' on input line 284.
)
\Hy@SectionHShift=\skip102
)
Package hyperref Info: Option `colorlinks' set `true' on input line 155.
Class scrbook Info: loading recommended package `bookmark'.
(scrbook)           Using `bookmark' together with `hyperref' is recommended,
(scrbook)           because of handling of possible bookmark level gaps.
(scrbook)           You can avoid loading `bookmark' with KOMA-Script option
(scrbook)           `bookmarkpackage=false' before \begin{document} and
(scrbook)           you can avoid this message adding:
(scrbook)             \usepackage{bookmark}
(scrbook)           before \begin{document} on input line 169.
Class scrbook Info: temporary deactivation of babel-spanish quoting  on input line 169.
 (C:\Users\trull\AppData\Local\Programs\MiKTeX\tex/latex/bookmark\bookmark.sty
Package: bookmark 2023-12-10 v1.31 PDF bookmarks (HO)
 (C:\Users\trull\AppData\Local\Programs\MiKTeX\tex/latex/bookmark\bkm-pdftex.def
File: bkm-pdftex.def 2023-12-10 v1.31 bookmark driver for pdfTeX and luaTeX (HO)
\BKM@id=\count436
))
Class scrbook Info: reactivation of babel-spanish quoting  on input line 169.
 (e:\Universidad\Trabajo Daniel\Universidad\DocumentoMonografía\Monografía\build\TFG.aux (e:\Universidad\Trabajo Daniel\Universidad\DocumentoMonografía\Monografía\build\capitulos/portada.aux)
LaTeX Info: Redefining \. on input line 21.
LaTeX Info: Redefining \% on input line 21.
Package babel Info: 'spanish' activates 'spanish' shorthands.
(babel)             Reported on input line 21.
 (e:\Universidad\Trabajo Daniel\Universidad\DocumentoMonografía\Monografía\build\capitulos/licencia.aux) (e:\Universidad\Trabajo Daniel\Universidad\DocumentoMonografía\Monografía\build\capitulos/resumen_abstract.aux) (e:\Universidad\Trabajo Daniel\Universidad\DocumentoMonografía\Monografía\build\capitulos/cap_introduccion.aux) (e:\Universidad\Trabajo Daniel\Universidad\DocumentoMonografía\Monografía\build\capitulos/cap_planteamiento_problema.aux) (e:\Universidad\Trabajo Daniel\Universidad\DocumentoMonografía\Monografía\build\capitulos/cap_objetivos.aux) (e:\Universidad\Trabajo Daniel\Universidad\DocumentoMonografía\Monografía\build\capitulos/cap_marco_teorico.aux) (e:\Universidad\Trabajo Daniel\Universidad\DocumentoMonografía\Monografía\build\capitulos/cap_revision_literatura.aux) (e:\Universidad\Trabajo Daniel\Universidad\DocumentoMonografía\Monografía\build\capitulos/cap_aportes_investigativos.aux) (e:\Universidad\Trabajo Daniel\Universidad\DocumentoMonografía\Monografía\build\capitulos/cap_diseno_metodologico.aux) (e:\Universidad\Trabajo Daniel\Universidad\DocumentoMonografía\Monografía\build\capitulos/cap_resultados.aux) (e:\Universidad\Trabajo Daniel\Universidad\DocumentoMonografía\Monografía\build\capitulos/cap_analisis_discusion.aux) (e:\Universidad\Trabajo Daniel\Universidad\DocumentoMonografía\Monografía\build\capitulos/cap_conclusiones.aux))
\openout1 = `TFG.aux'.

LaTeX Font Info:    Checking defaults for OML/cmm/m/it on input line 169.
LaTeX Font Info:    ... okay on input line 169.
LaTeX Font Info:    Checking defaults for OMS/cmsy/m/n on input line 169.
LaTeX Font Info:    ... okay on input line 169.
LaTeX Font Info:    Checking defaults for OT1/cmr/m/n on input line 169.
LaTeX Font Info:    ... okay on input line 169.
LaTeX Font Info:    Checking defaults for T1/cmr/m/n on input line 169.
LaTeX Font Info:    ... okay on input line 169.
LaTeX Font Info:    Checking defaults for TS1/cmr/m/n on input line 169.
LaTeX Font Info:    ... okay on input line 169.
LaTeX Font Info:    Checking defaults for OMX/cmex/m/n on input line 169.
LaTeX Font Info:    ... okay on input line 169.
LaTeX Font Info:    Checking defaults for U/cmr/m/n on input line 169.
LaTeX Font Info:    ... okay on input line 169.
LaTeX Font Info:    Checking defaults for PD1/pdf/m/n on input line 169.
LaTeX Font Info:    ... okay on input line 169.
LaTeX Font Info:    Checking defaults for PU/pdf/m/n on input line 169.
LaTeX Font Info:    ... okay on input line 169.
 (C:\Users\trull\AppData\Local\Programs\MiKTeX\tex/latex/translations/dicts\translations-basic-dictionary-spanish.trsl
File: translations-basic-dictionary-spanish.trsl (spanish translation file `translations-basic-dictionary')
)
Package translations Info: loading dictionary `translations-basic-dictionary' for `spanish'. on input line 169.
Package caption Info: Begin \AtBeginDocument code.
Package caption Info: float package is loaded.
Package caption Info: hyperref package is loaded.
Package caption Info: listings package is loaded.
Package caption Info: longtable package is loaded.
 (C:\Users\trull\AppData\Local\Programs\MiKTeX\tex/latex/caption\ltcaption.sty
Package: ltcaption 2021/01/08 v1.4c longtable captions (AR)
)
Package caption Info: rotating package is loaded.
Package caption Info: subfigure package is loaded.
Package caption Info: supertabular package is loaded.
Package caption Info: wrapfig package is loaded.
Package caption Info: End \AtBeginDocument code.
LaTeX Info: Redefining \. on input line 169.
LaTeX Info: Redefining \% on input line 169.
\c@lstlisting=\count437
Package tocbasic Info: setting babel extension for `lol' on input line 169.
\scr@dte@lstlisting@maxnumwidth=\skip103
 (C:\Users\trull\AppData\Local\Programs\MiKTeX\tex/context/base/mkii\supp-pdf.mkii
[Loading MPS to PDF converter (version 2006.09.02).]
\scratchcounter=\count438
\scratchdimen=\dimen354
\scratchbox=\box138
\nofMPsegments=\count439
\nofMParguments=\count440
\everyMPshowfont=\toks62
\MPscratchCnt=\count441
\MPscratchDim=\dimen355
\MPnumerator=\count442
\makeMPintoPDFobject=\count443
\everyMPtoPDFconversion=\toks63
) (C:\Users\trull\AppData\Local\Programs\MiKTeX\tex/latex/epstopdf-pkg\epstopdf-base.sty
Package: epstopdf-base 2020-01-24 v2.11 Base part for package epstopdf
Package epstopdf-base Info: Redefining graphics rule for `.eps' on input line 485.
 (C:\Users\trull\AppData\Local\Programs\MiKTeX\tex/latex/00miktex\epstopdf-sys.cfg
File: epstopdf-sys.cfg 2021/03/18 v2.0 Configuration of epstopdf for MiKTeX
))
\symgns@font=\mathgroup6
LaTeX Font Info:    Overwriting symbol font `gns@font' in version `bold'
(Font)                  TS1/cmr/m/n --> TS1/cmr/b/n on input line 169.
Package gensymb Info: Math companion symbols declared on input line 169.
LaTeX Info: Redefining \degree on input line 169.
LaTeX Info: Redefining \celsius on input line 169.
Package gensymb Info: Using text companion symbols for \degree, \celsius and \perthousand on input line 169.
LaTeX Info: Redefining \ohm on input line 169.
Package gensymb Info: Using \textohm for \ohm on input line 169.
LaTeX Info: Redefining \micro on input line 169.
Package gensymb Info: Using \textmu for \micro on input line 169.
LaTeX Info: Redefining \microtypecontext on input line 169.
Package microtype Info: Applying patch `item' on input line 169.
Package microtype Info: Applying patch `toc' on input line 169.
Package microtype Info: Applying patch `eqnum' on input line 169.
Package microtype Info: Applying patch `footnote' on input line 169.
Package microtype Info: Applying patch `verbatim' on input line 169.
LaTeX Info: Redefining \microtypesetup on input line 169.
Package microtype Info: Generating PDF output.
Package microtype Info: No character protrusion.
Package microtype Info: No font expansion.
Package microtype Info: No adjustment of tracking.
Package microtype Info: No adjustment of interword spacing.
Package microtype Info: No adjustment of character kerning.
 (C:\Users\trull\AppData\Local\Programs\MiKTeX\tex/latex/microtype\mt-cmr.cfg
File: mt-cmr.cfg 2013/05/19 v2.2 microtype config. file: Computer Modern Roman (RS)
) (C:\Users\trull\AppData\Local\Programs\MiKTeX\tex/latex/glossaries-english\glossaries-dictionary-English.dict
Dictionary: glossaries-dictionary, Language: English 
) (C:\Users\trull\AppData\Local\Programs\MiKTeX\tex/latex/glossaries-spanish\glossaries-dictionary-Spanish.dict
Dictionary: glossaries-dictionary, Language: Spanish 
)
*geometry* driver: auto-detecting
*geometry* detected driver: pdftex
*geometry* verbose mode - [ preamble ] result:
* driver: pdftex
* paper: letterpaper
* layout: <same size as paper>
* layoutoffset:(h,v)=(0.0pt,0.0pt)
* modes: twoside 
* h-part:(L,W,R)=(85.35826pt, 443.57848pt, 85.35826pt)
* v-part:(T,H,B)=(85.35826pt, 624.25346pt, 85.35826pt)
* \paperwidth=614.295pt
* \paperheight=794.96999pt
* \textwidth=443.57848pt
* \textheight=624.25346pt
* \oddsidemargin=13.08827pt
* \evensidemargin=13.08827pt
* \topmargin=-26.78673pt
* \headheight=18.125pt
* \headsep=21.75pt
* \topskip=12.0pt
* \footskip=50.75pt
* \marginparwidth=115.1803pt
* \marginparsep=12.8401pt
* \columnsep=10.0pt
* \skip\footins=10.8pt plus 4.0pt minus 2.0pt
* \hoffset=0.0pt
* \voffset=0.0pt
* \mag=1000
* \@twocolumnfalse
* \@twosidetrue
* \@mparswitchtrue
* \@reversemarginfalse
* (1in=72.27pt=25.4mm, 1cm=28.453pt)

Package hyperref Info: Link coloring ON on input line 169.
\openout2 = `capitulos/portada.aux'.

(capitulos/portada.tex
<imagenes/images.jpeg, id=30, 182.6825pt x 256.96pt>
File: imagenes/images.jpeg Graphic file (type jpg)
<use imagenes/images.jpeg>
Package pdftex.def Info: imagenes/images.jpeg  used on input line 9.
(pdftex.def)             Requested size: 133.07489pt x 187.19107pt.


LaTeX Font Warning: Font shape `OT1/cmr/m/n' in size <26> not available
(Font)              size <24.88> substituted on input line 20.



[1

\openout3 = `TFG.ist'.






{C:/Users/trull/AppData/Local/MiKTeX/fonts/map/pdftex/pdftex.map} <./imagenes/images.jpeg>])

[2


]
\openout2 = `capitulos/licencia.aux'.

 (capitulos/licencia.tex)
\openout2 = `capitulos/resumen_abstract.aux'.

 (capitulos/resumen_abstract.tex

LaTeX Font Info:    Trying to load font information for U+msa on input line 11.
(C:\Users\trull\AppData\Local\Programs\MiKTeX\tex/latex/amsfonts\umsa.fd
File: umsa.fd 2013/01/14 v3.01 AMS symbols A
) (C:\Users\trull\AppData\Local\Programs\MiKTeX\tex/latex/microtype\mt-msa.cfg
File: mt-msa.cfg 2006/02/04 v1.1 microtype config. file: AMS symbols (a) (RS)
)
LaTeX Font Info:    Trying to load font information for U+msb on input line 11.
 (C:\Users\trull\AppData\Local\Programs\MiKTeX\tex/latex/amsfonts\umsb.fd
File: umsb.fd 2013/01/14 v3.01 AMS symbols B
) (C:\Users\trull\AppData\Local\Programs\MiKTeX\tex/latex/microtype\mt-msb.cfg
File: mt-msb.cfg 2005/06/01 v1.0 microtype config. file: AMS symbols (b) (RS)
) [3





]

[4]

[5]

[6

])
Overfull \hbox (2.8904pt too wide) in paragraph at lines 48--196
\OT1/cmr/m/n/12 do-wing, Time-of-Flight (ToF), Two-Way Ran-ging (TWR), Lo-ca-li-za-tion Ac-cu-racy, NLOS
 []



[7]
Package tocbasic Info: character protrusion at toc deactivated on input line 208.
 (e:\Universidad\Trabajo Daniel\Universidad\DocumentoMonografía\Monografía\build\TFG.toc
LaTeX Info: Redefining \. on input line 1.
LaTeX Info: Redefining \% on input line 1.
Package tocbasic Info: Using my definition of `\numberline' on input line 2.


LaTeX Font Warning: Font shape `OT1/cmss/bx/sc' undefined
(Font)              using `OT1/cmss/bx/n' instead on input line 2.


Package spanish Warning: Replacing `OT1/cmss/bx/sc' by 
(spanish)                faked small caps on input line 2.

Package tocbasic Info: Using my definition of `\numberline' on input line 3.

Package spanish Warning: Replacing `OT1/cmss/bx/sc' by 
(spanish)                faked small caps on input line 3.

Package tocbasic Info: Using my definition of `\numberline' on input line 4.

Package spanish Warning: Replacing `OT1/cmss/bx/sc' by 
(spanish)                faked small caps on input line 4.

Package tocbasic Info: Using my definition of `\numberline' on input line 5.

Package spanish Warning: Replacing `OT1/cmss/bx/sc' by 
(spanish)                faked small caps on input line 5.

Package tocbasic Info: Using my definition of `\numberline' on input line 6.

Package spanish Warning: Replacing `OT1/cmss/bx/sc' by 
(spanish)                faked small caps on input line 6.

Package tocbasic Info: Using my definition of `\numberline' on input line 7.
Package tocbasic Info: Using my definition of `\numberline' on input line 8.
Package tocbasic Info: Using my definition of `\numberline' on input line 9.
Package tocbasic Info: Using my definition of `\numberline' on input line 10.
Package tocbasic Info: Using my definition of `\numberline' on input line 11.
Package tocbasic Info: Using my definition of `\numberline' on input line 12.
Package tocbasic Info: Using my definition of `\numberline' on input line 13.
Package tocbasic Info: Using my definition of `\numberline' on input line 14.
Package tocbasic Info: Using my definition of `\numberline' on input line 15.
Package tocbasic Info: Using my definition of `\numberline' on input line 20.
Package tocbasic Info: Using my definition of `\numberline' on input line 24.
Package tocbasic Info: Using my definition of `\numberline' on input line 25.
Package tocbasic Info: Using my definition of `\numberline' on input line 26.
Package tocbasic Info: Using my definition of `\numberline' on input line 27.
Package tocbasic Info: Using my definition of `\numberline' on input line 28.
Package tocbasic Info: Using my definition of `\numberline' on input line 29.
Package tocbasic Info: Using my definition of `\numberline' on input line 33.
Package tocbasic Info: Using my definition of `\numberline' on input line 38.
Package tocbasic Info: Using my definition of `\numberline' on input line 39.


[8



]
Package tocbasic Info: Using my definition of `\numberline' on input line 43.
Package tocbasic Info: Using my definition of `\numberline' on input line 47.
Package tocbasic Info: Using my definition of `\numberline' on input line 52.
Package tocbasic Info: Using my definition of `\numberline' on input line 53.
Package tocbasic Info: Using my definition of `\numberline' on input line 54.
Package tocbasic Info: Using my definition of `\numberline' on input line 55.
Package tocbasic Info: Using my definition of `\numberline' on input line 56.
Package tocbasic Info: Using my definition of `\numberline' on input line 57.
Package tocbasic Info: Using my definition of `\numberline' on input line 58.
Package tocbasic Info: Using my definition of `\numberline' on input line 59.
Package tocbasic Info: Using my definition of `\numberline' on input line 60.
Package tocbasic Info: Using my definition of `\numberline' on input line 61.
Package tocbasic Info: Using my definition of `\numberline' on input line 63.
Package tocbasic Info: Using my definition of `\numberline' on input line 65.
Package tocbasic Info: Using my definition of `\numberline' on input line 67.
Package tocbasic Info: Using my definition of `\numberline' on input line 68.
Package tocbasic Info: Using my definition of `\numberline' on input line 73.
Package tocbasic Info: Using my definition of `\numberline' on input line 74.
Package tocbasic Info: Using my definition of `\numberline' on input line 75.
Package tocbasic Info: Using my definition of `\numberline' on input line 76.
Package tocbasic Info: Using my definition of `\numberline' on input line 79.
Package tocbasic Info: Using my definition of `\numberline' on input line 82.
Package tocbasic Info: Using my definition of `\numberline' on input line 83.
Package tocbasic Info: Using my definition of `\numberline' on input line 84.
Package tocbasic Info: Using my definition of `\numberline' on input line 85.
Package tocbasic Info: Using my definition of `\numberline' on input line 86.
Package tocbasic Info: Using my definition of `\numberline' on input line 87.
Package tocbasic Info: Using my definition of `\numberline' on input line 88.
Package tocbasic Info: Using my definition of `\numberline' on input line 89.
Package tocbasic Info: Using my definition of `\numberline' on input line 90.
Package tocbasic Info: Using my definition of `\numberline' on input line 91.
Package tocbasic Info: Using my definition of `\numberline' on input line 92.
Package tocbasic Info: Using my definition of `\numberline' on input line 93.

Underfull \vbox (badness 10000) has occurred while \output is active []



LaTeX Info: Redefining \. on input line 97.
LaTeX Info: Redefining \% on input line 97.
Package babel Info: 'spanish' activates 'spanish' shorthands.
(babel)             Reported on input line 97.
[9]
Package tocbasic Info: Using my definition of `\numberline' on input line 97.
Package tocbasic Info: Using my definition of `\numberline' on input line 98.
Package tocbasic Info: Using my definition of `\numberline' on input line 99.
Package tocbasic Info: Using my definition of `\numberline' on input line 100.
Package tocbasic Info: Using my definition of `\numberline' on input line 101.
Package tocbasic Info: Using my definition of `\numberline' on input line 102.
Package tocbasic Info: Using my definition of `\numberline' on input line 103.
Package tocbasic Info: Using my definition of `\numberline' on input line 104.
Package tocbasic Info: Using my definition of `\numberline' on input line 105.
Package tocbasic Info: Using my definition of `\numberline' on input line 106.
Package tocbasic Info: Using my definition of `\numberline' on input line 107.
Package tocbasic Info: Using my definition of `\numberline' on input line 108.
Package tocbasic Info: Using my definition of `\numberline' on input line 109.
Package tocbasic Info: Using my definition of `\numberline' on input line 110.
Package tocbasic Info: Using my definition of `\numberline' on input line 111.
Package tocbasic Info: Using my definition of `\numberline' on input line 112.
Package tocbasic Info: Using my definition of `\numberline' on input line 115.
Package tocbasic Info: Using my definition of `\numberline' on input line 116.
Package tocbasic Info: Using my definition of `\numberline' on input line 119.
Package tocbasic Info: Using my definition of `\numberline' on input line 120.
Package tocbasic Info: Using my definition of `\numberline' on input line 121.
Package tocbasic Info: Using my definition of `\numberline' on input line 122.
Package tocbasic Info: Using my definition of `\numberline' on input line 123.
Package tocbasic Info: Using my definition of `\numberline' on input line 124.
Package tocbasic Info: Using my definition of `\numberline' on input line 125.
Package tocbasic Info: Using my definition of `\numberline' on input line 126.
Package tocbasic Info: Using my definition of `\numberline' on input line 127.
Package tocbasic Info: Using my definition of `\numberline' on input line 130.
Package tocbasic Info: Using my definition of `\numberline' on input line 131.
Package tocbasic Info: Using my definition of `\numberline' on input line 132.
Package tocbasic Info: Using my definition of `\numberline' on input line 133.
Package tocbasic Info: Using my definition of `\numberline' on input line 134.


LaTeX Info: Redefining \. on input line 135.
LaTeX Info: Redefining \% on input line 135.
[10]
Package tocbasic Info: Using my definition of `\numberline' on input line 135.
Package tocbasic Info: Using my definition of `\numberline' on input line 139.
Package tocbasic Info: Using my definition of `\numberline' on input line 143.
Package tocbasic Info: Using my definition of `\numberline' on input line 144.
Package tocbasic Info: Using my definition of `\numberline' on input line 145.
Package tocbasic Info: Using my definition of `\numberline' on input line 146.
Package tocbasic Info: Using my definition of `\numberline' on input line 147.
Package tocbasic Info: Using my definition of `\numberline' on input line 148.
Package tocbasic Info: Using my definition of `\numberline' on input line 149.
Package tocbasic Info: Using my definition of `\numberline' on input line 150.
Package tocbasic Info: Using my definition of `\numberline' on input line 151.
Package tocbasic Info: Using my definition of `\numberline' on input line 152.
Package tocbasic Info: Using my definition of `\numberline' on input line 153.
Package tocbasic Info: Using my definition of `\numberline' on input line 154.
Package tocbasic Info: Using my definition of `\numberline' on input line 155.
Package tocbasic Info: Using my definition of `\numberline' on input line 156.
Package tocbasic Info: Using my definition of `\numberline' on input line 157.
Package tocbasic Info: Using my definition of `\numberline' on input line 158.
Package tocbasic Info: Using my definition of `\numberline' on input line 159.
Package tocbasic Info: Using my definition of `\numberline' on input line 160.
Package tocbasic Info: Using my definition of `\numberline' on input line 161.
Package tocbasic Info: Using my definition of `\numberline' on input line 162.
Package tocbasic Info: Using my definition of `\numberline' on input line 163.
Package tocbasic Info: Using my definition of `\numberline' on input line 164.
Package tocbasic Info: Using my definition of `\numberline' on input line 165.
Package tocbasic Info: Using my definition of `\numberline' on input line 166.
Package tocbasic Info: Using my definition of `\numberline' on input line 167.
Package tocbasic Info: Using my definition of `\numberline' on input line 168.
Package tocbasic Info: Using my definition of `\numberline' on input line 169.
Package tocbasic Info: Using my definition of `\numberline' on input line 170.
Package tocbasic Info: Using my definition of `\numberline' on input line 171.
Package tocbasic Info: Using my definition of `\numberline' on input line 172.
Package tocbasic Info: Using my definition of `\numberline' on input line 173.


LaTeX Info: Redefining \. on input line 174.
LaTeX Info: Redefining \% on input line 174.
[11]
Package tocbasic Info: Using my definition of `\numberline' on input line 174.
Package tocbasic Info: Using my definition of `\numberline' on input line 175.
Package tocbasic Info: Using my definition of `\numberline' on input line 176.
Package tocbasic Info: Using my definition of `\numberline' on input line 177.
Package tocbasic Info: Using my definition of `\numberline' on input line 178.
Package tocbasic Info: Using my definition of `\numberline' on input line 179.
Package tocbasic Info: Using my definition of `\numberline' on input line 180.
Package tocbasic Info: Using my definition of `\numberline' on input line 181.
Package tocbasic Info: Using my definition of `\numberline' on input line 182.
Package tocbasic Info: Using my definition of `\numberline' on input line 183.
Package tocbasic Info: Using my definition of `\numberline' on input line 184.
Package tocbasic Info: Using my definition of `\numberline' on input line 185.
Package tocbasic Info: Using my definition of `\numberline' on input line 186.
Package tocbasic Info: Using my definition of `\numberline' on input line 187.
Package tocbasic Info: Using my definition of `\numberline' on input line 188.
Package tocbasic Info: Using my definition of `\numberline' on input line 189.
Package tocbasic Info: Using my definition of `\numberline' on input line 190.
Package tocbasic Info: Using my definition of `\numberline' on input line 191.
Package tocbasic Info: Using my definition of `\numberline' on input line 192.
Package tocbasic Info: Using my definition of `\numberline' on input line 193.
Package tocbasic Info: Using my definition of `\numberline' on input line 194.
Package tocbasic Info: Using my definition of `\numberline' on input line 195.
Package tocbasic Info: Using my definition of `\numberline' on input line 196.
Package tocbasic Info: Using my definition of `\numberline' on input line 197.

Overfull \hbox (1.58777pt too wide) detected at line 197
 []\OT1/cmss/bx/sc/12 100
 []

Package tocbasic Info: Using my definition of `\numberline' on input line 198.
Package tocbasic Info: Using my definition of `\numberline' on input line 199.
Package tocbasic Info: Using my definition of `\numberline' on input line 200.
Package tocbasic Info: Using my definition of `\numberline' on input line 201.
Package tocbasic Info: Using my definition of `\numberline' on input line 202.
Package tocbasic Info: Using my definition of `\numberline' on input line 203.
Package tocbasic Info: Using my definition of `\numberline' on input line 204.
Package tocbasic Info: Using my definition of `\numberline' on input line 205.
Package tocbasic Info: Using my definition of `\numberline' on input line 206.
Package tocbasic Info: Using my definition of `\numberline' on input line 207.


LaTeX Info: Redefining \. on input line 208.
LaTeX Info: Redefining \% on input line 208.
[12]
Package tocbasic Info: Using my definition of `\numberline' on input line 208.
Package tocbasic Info: Using my definition of `\numberline' on input line 209.
Package tocbasic Info: Using my definition of `\numberline' on input line 210.
Package tocbasic Info: Using my definition of `\numberline' on input line 211.
Package tocbasic Info: Using my definition of `\numberline' on input line 212.

Overfull \hbox (1.58777pt too wide) detected at line 212
 []\OT1/cmss/bx/sc/12 110
 []

)
\tf@toc=\write7
\openout7 = `TFG.toc'.



LaTeX Info: Redefining \. on input line 221.
LaTeX Info: Redefining \% on input line 221.
[13]
Package tocbasic Info: character protrusion at lof deactivated on input line 221.
 (e:\Universidad\Trabajo Daniel\Universidad\DocumentoMonografía\Monografía\build\TFG.lof
LaTeX Info: Redefining \. on input line 1.
LaTeX Info: Redefining \% on input line 1.
)
\tf@lof=\write8
\openout8 = `TFG.lof'.



[14

]
Package tocbasic Info: character protrusion at lot deactivated on input line 233.
 (e:\Universidad\Trabajo Daniel\Universidad\DocumentoMonografía\Monografía\build\TFG.lot
LaTeX Info: Redefining \. on input line 1.
LaTeX Info: Redefining \% on input line 1.
)
\tf@lot=\write9
\openout9 = `TFG.lot'.


No file TFG.acr.


[15

]

[16


]
\openout2 = `capitulos/cap_introduccion.aux'.

 (capitulos/cap_introduccion.tex
chapter 1.


[1


]

LaTeX Info: Redefining \. on input line 23.
LaTeX Info: Redefining \% on input line 23.
[2])

[3]
\openout2 = `capitulos/cap_planteamiento_problema.aux'.

 (capitulos/cap_planteamiento_problema.tex
chapter 2.


[4




]

[5]

LaTeX Info: Redefining \. on input line 23.
LaTeX Info: Redefining \% on input line 23.
[6]

pdfTeX warning: pdflatex (file ./imagenes/twr.pdf): PDF inclusion: found PDF version <1.7>, but at most version <1.5> allowed
<imagenes/twr.pdf, id=539, 367.3725pt x 202.8378pt>
File: imagenes/twr.pdf Graphic file (type pdf)
<use imagenes/twr.pdf>
Package pdftex.def Info: imagenes/twr.pdf  used on input line 47.
(pdftex.def)             Requested size: 354.86412pt x 195.94461pt.


[7])

LaTeX Info: Redefining \. on input line 252.
LaTeX Info: Redefining \% on input line 252.
[8 <./imagenes/twr.pdf>]
\openout2 = `capitulos/cap_objetivos.aux'.

 (capitulos/cap_objetivos.tex
chapter 3.
)

[9




]
\openout2 = `capitulos/cap_marco_teorico.aux'.

 (capitulos/cap_marco_teorico.tex
chapter 4.


[10




]

LaTeX Info: Redefining \. on input line 40.
LaTeX Info: Redefining \% on input line 40.
[11]

LaTeX Info: Redefining \. on input line 59.
LaTeX Info: Redefining \% on input line 59.
[12]

LaTeX Info: Redefining \. on input line 83.
LaTeX Info: Redefining \% on input line 83.
[13]

LaTeX Info: Redefining \. on input line 107.
LaTeX Info: Redefining \% on input line 107.
[14]

LaTeX Info: Redefining \. on input line 125.
LaTeX Info: Redefining \% on input line 125.
[15]

LaTeX Info: Redefining \. on input line 147.
LaTeX Info: Redefining \% on input line 147.
[16]
Underfull \vbox (badness 1127) has occurred while \output is active []



LaTeX Info: Redefining \. on input line 167.
LaTeX Info: Redefining \% on input line 167.
[17]

LaTeX Info: Redefining \. on input line 189.
LaTeX Info: Redefining \% on input line 189.
[18]

LaTeX Info: Redefining \. on input line 217.
LaTeX Info: Redefining \% on input line 217.
[19])

LaTeX Info: Redefining \. on input line 258.
LaTeX Info: Redefining \% on input line 258.
[20]

LaTeX Info: Redefining \. on input line 258.
LaTeX Info: Redefining \% on input line 258.
[21]
\openout2 = `capitulos/cap_revision_literatura.aux'.

 (capitulos/cap_revision_literatura.tex
chapter 5.


[22




]

pdfTeX warning: pdflatex (file ./imagenes/diagrama_burbujas_espanol.pdf): PDF inclusion: found PDF version <1.7>, but at most version <1.5> allowed
<imagenes/diagrama_burbujas_espanol.pdf, id=693, 683.59387pt x 458.09143pt>
File: imagenes/diagrama_burbujas_espanol.pdf Graphic file (type pdf)
<use imagenes/diagrama_burbujas_espanol.pdf>
Package pdftex.def Info: imagenes/diagrama_burbujas_espanol.pdf  used on input line 45.
(pdftex.def)             Requested size: 443.57848pt x 297.25961pt.


LaTeX Info: Redefining \. on input line 51.
LaTeX Info: Redefining \% on input line 51.
[23]
Underfull \vbox (badness 10000) has occurred while \output is active []



LaTeX Info: Redefining \. on input line 61.
LaTeX Info: Redefining \% on input line 61.
[24 <./imagenes/diagrama_burbujas_espanol.pdf>]
<imagenes/datos_LOS_NLOS_QLOS.png, id=719, 617.30624pt x 262.73157pt>
File: imagenes/datos_LOS_NLOS_QLOS.png Graphic file (type png)
<use imagenes/datos_LOS_NLOS_QLOS.png>
Package pdftex.def Info: imagenes/datos_LOS_NLOS_QLOS.png  used on input line 74.
(pdftex.def)             Requested size: 399.21791pt x 169.91556pt.


LaTeX Info: Redefining \. on input line 81.
LaTeX Info: Redefining \% on input line 81.
[25]

pdfTeX warning: pdflatex (file ./imagenes/RHA_ref17.pdf): PDF inclusion: found PDF version <1.7>, but at most version <1.5> allowed
<imagenes/RHA_ref17.pdf, id=731, 551.1792pt x 235.8411pt>
File: imagenes/RHA_ref17.pdf Graphic file (type pdf)
<use imagenes/RHA_ref17.pdf>
Package pdftex.def Info: imagenes/RHA_ref17.pdf  used on input line 83.
(pdftex.def)             Requested size: 443.57848pt x 189.80669pt.


LaTeX Info: Redefining \. on input line 89.
LaTeX Info: Redefining \% on input line 89.
[26 <./imagenes/datos_LOS_NLOS_QLOS.png (PNG copy)> <./imagenes/RHA_ref17.pdf>]

LaTeX Info: Redefining \. on input line 97.
LaTeX Info: Redefining \% on input line 97.
[27]

LaTeX Info: Redefining \. on input line 110.
LaTeX Info: Redefining \% on input line 110.
[28]

LaTeX Info: Redefining \. on input line 120.
LaTeX Info: Redefining \% on input line 120.
[29]

LaTeX Info: Redefining \. on input line 137.
LaTeX Info: Redefining \% on input line 137.
[30]

LaTeX Info: Redefining \. on input line 147.
LaTeX Info: Redefining \% on input line 147.
[31]

LaTeX Info: Redefining \. on input line 160.
LaTeX Info: Redefining \% on input line 160.
[32]

LaTeX Info: Redefining \. on input line 165.
LaTeX Info: Redefining \% on input line 165.
[33]

LaTeX Info: Redefining \. on input line 173.
LaTeX Info: Redefining \% on input line 173.
[34]

LaTeX Info: Redefining \. on input line 179.
LaTeX Info: Redefining \% on input line 179.
[35]

LaTeX Info: Redefining \. on input line 187.
LaTeX Info: Redefining \% on input line 187.
[36]

LaTeX Info: Redefining \. on input line 193.
LaTeX Info: Redefining \% on input line 193.
[37]

LaTeX Info: Redefining \. on input line 199.
LaTeX Info: Redefining \% on input line 199.
[38]

LaTeX Info: Redefining \. on input line 206.
LaTeX Info: Redefining \% on input line 206.
[39]

LaTeX Info: Redefining \. on input line 211.
LaTeX Info: Redefining \% on input line 211.
[40]

LaTeX Info: Redefining \. on input line 217.
LaTeX Info: Redefining \% on input line 217.
[41]

LaTeX Info: Redefining \. on input line 225.
LaTeX Info: Redefining \% on input line 225.
[42]

LaTeX Info: Redefining \. on input line 233.
LaTeX Info: Redefining \% on input line 233.
[43]

LaTeX Info: Redefining \. on input line 253.
LaTeX Info: Redefining \% on input line 253.
[44]

LaTeX Info: Redefining \. on input line 260.
LaTeX Info: Redefining \% on input line 260.
[45]

LaTeX Info: Redefining \. on input line 266.
LaTeX Info: Redefining \% on input line 266.
[46]

LaTeX Info: Redefining \. on input line 320.
LaTeX Info: Redefining \% on input line 320.
[47]

LaTeX Info: Redefining \. on input line 402.
LaTeX Info: Redefining \% on input line 402.
[48]
Underfull \vbox (badness 10000) has occurred while \output is active []



LaTeX Info: Redefining \. on input line 407.
LaTeX Info: Redefining \% on input line 407.
[49]
<imagenes/clasificacion_tipo_investigacion.pdf, id=934, 987.20822pt x 479.15009pt>
File: imagenes/clasificacion_tipo_investigacion.pdf Graphic file (type pdf)
<use imagenes/clasificacion_tipo_investigacion.pdf>
Package pdftex.def Info: imagenes/clasificacion_tipo_investigacion.pdf  used on input line 425.
(pdftex.def)             Requested size: 532.29282pt x 258.35701pt.

Overfull \hbox (88.71434pt too wide) in paragraph at lines 425--426
 [][] 
 []



LaTeX Info: Redefining \. on input line 435.
LaTeX Info: Redefining \% on input line 435.
[50]
<imagenes/frecuencias_por_anio.pdf, id=946, 578.16pt x 361.35pt>
File: imagenes/frecuencias_por_anio.pdf Graphic file (type pdf)
<use imagenes/frecuencias_por_anio.pdf>
Package pdftex.def Info: imagenes/frecuencias_por_anio.pdf  used on input line 441.
(pdftex.def)             Requested size: 354.86412pt x 221.79059pt.


LaTeX Info: Redefining \. on input line 449.
LaTeX Info: Redefining \% on input line 449.
[51 <./imagenes/clasificacion_tipo_investigacion.pdf>]

LaTeX Info: Redefining \. on input line 458.
LaTeX Info: Redefining \% on input line 458.
[52 <./imagenes/frecuencias_por_anio.pdf>]
<imagenes/posiciones_cuerpo.png, id=1035, 532.99126pt x 413.545pt>
File: imagenes/posiciones_cuerpo.png Graphic file (type png)
<use imagenes/posiciones_cuerpo.png>
Package pdftex.def Info: imagenes/posiciones_cuerpo.png  used on input line 464.
(pdftex.def)             Requested size: 354.86412pt x 275.34471pt.


LaTeX Info: Redefining \. on input line 470.
LaTeX Info: Redefining \% on input line 470.
[53 <./imagenes/posiciones_cuerpo.png>]
<imagenes/tecnicas_mitigacion.pdf, id=1046, 987.20822pt x 479.15009pt>
File: imagenes/tecnicas_mitigacion.pdf Graphic file (type pdf)
<use imagenes/tecnicas_mitigacion.pdf>
Package pdftex.def Info: imagenes/tecnicas_mitigacion.pdf  used on input line 490.
(pdftex.def)             Requested size: 532.29282pt x 258.35701pt.

Overfull \hbox (88.71434pt too wide) in paragraph at lines 490--491
 [][] 
 []



LaTeX Info: Redefining \. on input line 507.
LaTeX Info: Redefining \% on input line 507.
[54]
Underfull \hbox (badness 10000) in paragraph at lines 511--512

 []



LaTeX Info: Redefining \. on input line 520.
LaTeX Info: Redefining \% on input line 520.
[55 <./imagenes/tecnicas_mitigacion.pdf>]
Underfull \hbox (badness 10000) in paragraph at lines 523--524

 []

<imagenes/evolucion_temporal.pdf, id=1100, 987.20822pt x 479.15009pt>
File: imagenes/evolucion_temporal.pdf Graphic file (type pdf)
<use imagenes/evolucion_temporal.pdf>
Package pdftex.def Info: imagenes/evolucion_temporal.pdf  used on input line 541.
(pdftex.def)             Requested size: 487.93903pt x 236.82542pt.

Overfull \hbox (44.36055pt too wide) in paragraph at lines 541--542
 [][] 
 []



LaTeX Info: Redefining \. on input line 553.
LaTeX Info: Redefining \% on input line 553.
[56 <./imagenes/evolucion_temporal.pdf>]

LaTeX Info: Redefining \. on input line 586.
LaTeX Info: Redefining \% on input line 586.

Package scrlayer-scrpage Warning: \headheight to low.
(scrlayer-scrpage)                At least 34.79988pt needed,
(scrlayer-scrpage)                but only 18.125pt found.
(scrlayer-scrpage)                I'll enlarge \headheight, for further
(scrlayer-scrpage)                processing, but you should do this yourself,
(scrlayer-scrpage)                e.g., setting geometry's option
(scrlayer-scrpage)                `head=34.79988pt'.
(scrlayer-scrpage)                I'll also decrease \topmargin on input line 586.


Overfull \vbox (16.67488pt too high) has occurred while \output is active []

 [57]

LaTeX Info: Redefining \. on input line 595.
LaTeX Info: Redefining \% on input line 595.
[58]

LaTeX Info: Redefining \. on input line 610.
LaTeX Info: Redefining \% on input line 610.
[59]

LaTeX Info: Redefining \. on input line 628.
LaTeX Info: Redefining \% on input line 628.
[60])

LaTeX Info: Redefining \. on input line 261.
LaTeX Info: Redefining \% on input line 261.
[61]
\openout2 = `capitulos/cap_aportes_investigativos.aux'.

 (capitulos/cap_aportes_investigativos.tex
chapter 6.
<imagenes/ModelV.pdf, id=1174, 450.9347pt x 250.68657pt>
File: imagenes/ModelV.pdf Graphic file (type pdf)
<use imagenes/ModelV.pdf>
Package pdftex.def Info: imagenes/ModelV.pdf  used on input line 13.
(pdftex.def)             Requested size: 354.86412pt x 197.28665pt.


[62




]

LaTeX Info: Redefining \. on input line 41.
LaTeX Info: Redefining \% on input line 41.
[63 <./imagenes/ModelV.pdf>]

LaTeX Info: Redefining \. on input line 64.
LaTeX Info: Redefining \% on input line 64.
[64]

LaTeX Info: Redefining \. on input line 96.
LaTeX Info: Redefining \% on input line 96.
[65]

LaTeX Info: Redefining \. on input line 119.
LaTeX Info: Redefining \% on input line 119.
[66]

LaTeX Info: Redefining \. on input line 124.
LaTeX Info: Redefining \% on input line 124.
[67]
Overfull \hbox (25.09818pt too wide) in alignment at lines 139--153
 [] [] [] [] [] [] [] [] [] [] 
 []


Overfull \hbox (25.09818pt too wide) in alignment at lines 153--167
 [] [] [] [] [] [] [] [] [] [] 
 []


Overfull \hbox (25.09818pt too wide) in alignment at lines 167--237
 [] [] [] [] [] [] [] [] [] [] 
 []



LaTeX Info: Redefining \. on input line 241.
LaTeX Info: Redefining \% on input line 241.
[68]
chapter 7.

Overfull \hbox (5.16167pt too wide) in paragraph at lines 345--346
 []|[]\OT1/cmr/bx/n/8 94,643,728.992[]|
 []



[69

]

LaTeX Info: Redefining \. on input line 367.
LaTeX Info: Redefining \% on input line 367.
[70])

LaTeX Info: Redefining \. on input line 264.
LaTeX Info: Redefining \% on input line 264.
[71]
\openout2 = `capitulos/cap_diseno_metodologico.aux'.

 (capitulos/cap_diseno_metodologico.tex
chapter 8.


[72




]

LaTeX Info: Redefining \. on input line 41.
LaTeX Info: Redefining \% on input line 41.
[73]

LaTeX Info: Redefining \. on input line 72.
LaTeX Info: Redefining \% on input line 72.
[74]

LaTeX Info: Redefining \. on input line 100.
LaTeX Info: Redefining \% on input line 100.
[75]

LaTeX Info: Redefining \. on input line 131.
LaTeX Info: Redefining \% on input line 131.
[76]

LaTeX Info: Redefining \. on input line 158.
LaTeX Info: Redefining \% on input line 158.
[77]

LaTeX Info: Redefining \. on input line 185.
LaTeX Info: Redefining \% on input line 185.
[78]

LaTeX Info: Redefining \. on input line 210.
LaTeX Info: Redefining \% on input line 210.
[79]

LaTeX Info: Redefining \. on input line 255.
LaTeX Info: Redefining \% on input line 255.
[80]

LaTeX Info: Redefining \. on input line 285.
LaTeX Info: Redefining \% on input line 285.
[81]

LaTeX Info: Redefining \. on input line 328.
LaTeX Info: Redefining \% on input line 328.
[82]

LaTeX Info: Redefining \. on input line 358.
LaTeX Info: Redefining \% on input line 358.
[83])

LaTeX Info: Redefining \. on input line 267.
LaTeX Info: Redefining \% on input line 267.
[84]
\openout2 = `capitulos/cap_resultados.aux'.

 (capitulos/cap_resultados.tex
chapter 9.


[85




]
Overfull \hbox (31.84247pt too wide) in paragraph at lines 83--94
 [][] 
 []



LaTeX Info: Redefining \. on input line 101.
LaTeX Info: Redefining \% on input line 101.
[86]

LaTeX Info: Redefining \. on input line 132.
LaTeX Info: Redefining \% on input line 132.
[87]
Underfull \vbox (badness 3343) has occurred while \output is active []



LaTeX Info: Redefining \. on input line 181.
LaTeX Info: Redefining \% on input line 181.
[88]
Overfull \hbox (14.18547pt too wide) in paragraph at lines 211--222
 [][] 
 []



LaTeX Info: Redefining \. on input line 234.
LaTeX Info: Redefining \% on input line 234.
[89]
Underfull \vbox (badness 2662) has occurred while \output is active []



LaTeX Info: Redefining \. on input line 258.
LaTeX Info: Redefining \% on input line 258.
[90])

LaTeX Info: Redefining \. on input line 270.
LaTeX Info: Redefining \% on input line 270.
[91]
\openout2 = `capitulos/cap_analisis_discusion.aux'.

 (capitulos/cap_analisis_discusion.tex
chapter 10.


[92




]

LaTeX Info: Redefining \. on input line 36.
LaTeX Info: Redefining \% on input line 36.
[93]
Overfull \hbox (7.44273pt too wide) in paragraph at lines 43--44
\OT1/cmr/m/n/12 cio-nes [COM-PLE-TAR: log-normal/gamma/mixtura de gaus-sia-nas]. Es-ta no-gaussianidad
 []



LaTeX Info: Redefining \. on input line 58.
LaTeX Info: Redefining \% on input line 58.
[94]

LaTeX Info: Redefining \. on input line 82.
LaTeX Info: Redefining \% on input line 82.
[95]

LaTeX Info: Redefining \. on input line 106.
LaTeX Info: Redefining \% on input line 106.
[96]

LaTeX Info: Redefining \. on input line 129.
LaTeX Info: Redefining \% on input line 129.
[97]

LaTeX Info: Redefining \. on input line 153.
LaTeX Info: Redefining \% on input line 153.
[98])

LaTeX Info: Redefining \. on input line 273.
LaTeX Info: Redefining \% on input line 273.
[99]
\openout2 = `capitulos/cap_conclusiones.aux'.

 (capitulos/cap_conclusiones.tex
chapter 11.


[100




]

LaTeX Info: Redefining \. on input line 39.
LaTeX Info: Redefining \% on input line 39.
[101]
Overfull \hbox (14.71121pt too wide) in paragraph at lines 42--43
[]\OT1/cmr/bx/n/12 Las dis-tri-bu-cio-nes de error en NLOS son no-gaussianas. \OT1/cmr/m/n/12 Es-ta no-gaussianidad
 []


Overfull \hbox (18.08144pt too wide) in paragraph at lines 44--45
[]\OT1/cmr/bx/n/12 La va-ria-bi-li-dad in-ter-in-di-vi-dual es [sig-ni-fi-ca-ti-va/-mo-de-ra-da/-li-mi-ta-da]. \OT1/cmr/m/n/12 [COM-
 []


Underfull \vbox (badness 1137) has occurred while \output is active []



LaTeX Info: Redefining \. on input line 59.
LaTeX Info: Redefining \% on input line 59.
[102]

LaTeX Info: Redefining \. on input line 85.
LaTeX Info: Redefining \% on input line 85.
[103]

LaTeX Info: Redefining \. on input line 103.
LaTeX Info: Redefining \% on input line 103.
[104]

LaTeX Info: Redefining \. on input line 134.
LaTeX Info: Redefining \% on input line 134.
[105])

LaTeX Info: Redefining \. on input line 276.
LaTeX Info: Redefining \% on input line 276.
[106] (e:\Universidad\Trabajo Daniel\Universidad\DocumentoMonografía\Monografía\build\TFG.bbl

[107





]

LaTeX Info: Redefining \. on input line 133.
LaTeX Info: Redefining \% on input line 133.
[108]

LaTeX Info: Redefining \. on input line 187.
LaTeX Info: Redefining \% on input line 187.
[109]) (capitulos/acta_propiedad_intelectual.tex

LaTeX Info: Redefining \. on input line 1.
LaTeX Info: Redefining \% on input line 1.
[110]
Underfull \hbox (badness 10000) in paragraph at lines 11--12

 []


Underfull \hbox (badness 10000) in paragraph at lines 13--15

 []


Underfull \hbox (badness 10000) in paragraph at lines 16--20

 []


Underfull \hbox (badness 10000) in paragraph at lines 21--22

 []


Underfull \hbox (badness 10000) in paragraph at lines 23--24

 []


Underfull \hbox (badness 10000) in paragraph at lines 25--26

 []



[111

]
Underfull \hbox (badness 10000) in paragraph at lines 27--28

 []


Underfull \hbox (badness 10000) in paragraph at lines 29--30

 []


Overfull \hbox (14.21219pt too wide) in paragraph at lines 33--34
[]\OT1/cmr/m/n/12 Universidad del Cau-ca: apo-yo ins-ti-tu-cio-nal, apo-yo en in-fra-es-truc-tu-ra, apo-yo acad^^Semi-
 []


Underfull \hbox (badness 10000) in paragraph at lines 39--40

 []



LaTeX Info: Redefining \. on input line 46.
LaTeX Info: Redefining \% on input line 46.
[112]
Underfull \hbox (badness 10000) in paragraph at lines 55--56

 []



LaTeX Info: Redefining \. on input line 56.
LaTeX Info: Redefining \% on input line 56.
[113])

LaTeX Info: Redefining \. on input line 303.
LaTeX Info: Redefining \% on input line 303.
[114] (e:\Universidad\Trabajo Daniel\Universidad\DocumentoMonografía\Monografía\build\TFG.aux (e:\Universidad\Trabajo Daniel\Universidad\DocumentoMonografía\Monografía\build\capitulos/portada.aux)
LaTeX Info: Redefining \. on input line 21.
LaTeX Info: Redefining \% on input line 21.
 (e:\Universidad\Trabajo Daniel\Universidad\DocumentoMonografía\Monografía\build\capitulos/licencia.aux) (e:\Universidad\Trabajo Daniel\Universidad\DocumentoMonografía\Monografía\build\capitulos/resumen_abstract.aux) (e:\Universidad\Trabajo Daniel\Universidad\DocumentoMonografía\Monografía\build\capitulos/cap_introduccion.aux) (e:\Universidad\Trabajo Daniel\Universidad\DocumentoMonografía\Monografía\build\capitulos/cap_planteamiento_problema.aux) (e:\Universidad\Trabajo Daniel\Universidad\DocumentoMonografía\Monografía\build\capitulos/cap_objetivos.aux) (e:\Universidad\Trabajo Daniel\Universidad\DocumentoMonografía\Monografía\build\capitulos/cap_marco_teorico.aux) (e:\Universidad\Trabajo Daniel\Universidad\DocumentoMonografía\Monografía\build\capitulos/cap_revision_literatura.aux) (e:\Universidad\Trabajo Daniel\Universidad\DocumentoMonografía\Monografía\build\capitulos/cap_aportes_investigativos.aux) (e:\Universidad\Trabajo Daniel\Universidad\DocumentoMonografía\Monografía\build\capitulos/cap_diseno_metodologico.aux) (e:\Universidad\Trabajo Daniel\Universidad\DocumentoMonografía\Monografía\build\capitulos/cap_resultados.aux) (e:\Universidad\Trabajo Daniel\Universidad\DocumentoMonografía\Monografía\build\capitulos/cap_analisis_discusion.aux) (e:\Universidad\Trabajo Daniel\Universidad\DocumentoMonografía\Monografía\build\capitulos/cap_conclusiones.aux))
 ***********
LaTeX2e <2025-06-01> patch level 1
L3 programming layer <2025-08-13>
 ***********


LaTeX Font Warning: Size substitutions with differences
(Font)              up to 1.12pt have occurred.


LaTeX Font Warning: Some font shapes were not available, defaults substituted.

 ) 
Here is how much of TeX's memory you used:
 49066 strings out of 468132
 1053558 string characters out of 5430692
 1665014 words of memory out of 5000000
 76387 multiletter control sequences out of 15000+600000
 641265 words of font info for 92 fonts, out of 8000000 for 9000
 1141 hyphenation exceptions out of 8191
 108i,21n,126p,11304b,1519s stack positions out of 10000i,1000n,20000p,200000b,200000s
 <C:\Users\trull\AppData\Local\MiKTeX\fonts/pk/ljfour/jknappen/ec/dpi600\tcbx1200.pk> <C:\Users\trull\AppData\Local\MiKTeX\fonts/pk/ljfour/jknappen/ec/dpi600\tcrm1200.pk><C:/Users/trull/AppData/Local/Programs/MiKTeX/fonts/type1/public/amsfonts/cm/cmbx12.pfb><C:/Users/trull/AppData/Local/Programs/MiKTeX/fonts/type1/public/amsfonts/cm/cmbx8.pfb><C:/Users/trull/AppData/Local/Programs/MiKTeX/fonts/type1/public/amsfonts/cm/cmcsc10.pfb><C:/Users/trull/AppData/Local/Programs/MiKTeX/fonts/type1/public/amsfonts/cm/cmex10.pfb><C:/Users/trull/AppData/Local/Programs/MiKTeX/fonts/type1/public/amsfonts/cm/cmmi12.pfb><C:/Users/trull/AppData/Local/Programs/MiKTeX/fonts/type1/public/amsfonts/cm/cmmi8.pfb><C:/Users/trull/AppData/Local/Programs/MiKTeX/fonts/type1/public/amsfonts/cm/cmr10.pfb><C:/Users/trull/AppData/Local/Programs/MiKTeX/fonts/type1/public/amsfonts/cm/cmr12.pfb><C:/Users/trull/AppData/Local/Programs/MiKTeX/fonts/type1/public/amsfonts/cm/cmr17.pfb><C:/Users/trull/AppData/Local/Programs/MiKTeX/fonts/type1/public/amsfonts/cm/cmr7.pfb><C:/Users/trull/AppData/Local/Programs/MiKTeX/fonts/type1/public/amsfonts/cm/cmr8.pfb><C:/Users/trull/AppData/Local/Programs/MiKTeX/fonts/type1/public/amsfonts/cm/cmsl12.pfb><C:/Users/trull/AppData/Local/Programs/MiKTeX/fonts/type1/public/amsfonts/cm/cmssbx10.pfb><C:/Users/trull/AppData/Local/Programs/MiKTeX/fonts/type1/public/amsfonts/cm/cmsy10.pfb><C:/Users/trull/AppData/Local/Programs/MiKTeX/fonts/type1/public/amsfonts/cm/cmsy8.pfb><C:/Users/trull/AppData/Local/Programs/MiKTeX/fonts/type1/public/amsfonts/cm/cmti12.pfb><C:/Users/trull/AppData/Local/Programs/MiKTeX/fonts/type1/public/amsfonts/cm/cmti7.pfb><C:/Users/trull/AppData/Local/Programs/MiKTeX/fonts/type1/public/amsfonts/cm/cmtt12.pfb>
Output written on "e:\Universidad\Trabajo Daniel\Universidad\DocumentoMonografía\Monografía\build\TFG.pdf" (130 pages, 1312904 bytes).
PDF statistics:
 2227 PDF objects out of 2487 (max. 8388607)
 549 named destinations out of 1000 (max. 500000)
 1452 words of extra memory for PDF output out of 10000 (max. 10000000)

